<?xml version="1.0" encoding="UTF-8"?>
<!-- Generated by org.testng.reporters.JUnitXMLReporter -->
<testsuite ignored="0" hostname="DESKTOP-2G1ARNP" failures="0" tests="16" name="Sample Test Cases" time="0.172" errors="0" timestamp="2022-11-18T12:49:43 GMT-08:00">
  <testcase classname="com.sgtesting.calculator.testcases.AdditionTestcases" name="addPositiveAndNegativeNumbers" time="0.017"/>
  <testcase classname="com.sgtesting.calculator.testcases.AdditionTestcases" name="addPositiveAndZeroNumbers" time="0.003"/>
  <testcase classname="com.sgtesting.calculator.testcases.AdditionTestcases" name="addTwoNegativeNumbers" time="0.006"/>
  <testcase classname="com.sgtesting.calculator.testcases.AdditionTestcases" name="addTwoPositiveNumbers" time="0.003"/>
  <testcase classname="com.sgtesting.calculator.testcases.MultiplicationTestcases" name="multiplyPositiveAndNegativeNumbers" time="0.001"/>
  <testcase classname="com.sgtesting.calculator.testcases.MultiplicationTestcases" name="multiplyPositiveAndZeroNumbers" time="0.002"/>
  <testcase classname="com.sgtesting.calculator.testcases.MultiplicationTestcases" name="multiplyTwoNegativeNumbers" time="0.007"/>
  <testcase classname="com.sgtesting.calculator.testcases.MultiplicationTestcases" name="multiplyTwoPositiveNumbers" time="0.002"/>
  <testcase classname="com.sgtesting.calculator.testcases.SubstractionTestcases" name="substractPositiveAndNegativeNumbers" time="0.003"/>
  <testcase classname="com.sgtesting.calculator.testcases.SubstractionTestcases" name="substractPositiveAndZeroNumbers" time="0.002"/>
  <testcase classname="com.sgtesting.calculator.testcases.SubstractionTestcases" name="substractTwoNegativeNumbers" time="0.003"/>
  <testcase classname="com.sgtesting.calculator.testcases.SubstractionTestcases" name="substractTwoPositiveNumbers" time="0.007"/>
  <testcase classname="com.sgtesting.calculator.testcases.DivisionTestcases" name="dividePositiveAndNegativeNumbers" time="0.001"/>
  <testcase classname="com.sgtesting.calculator.testcases.DivisionTestcases" name="dividePositiveAndOneNumbers" time="0.001"/>
  <testcase classname="com.sgtesting.calculator.testcases.DivisionTestcases" name="divideTwoNegativeNumbers" time="0.001"/>
  <testcase classname="com.sgtesting.calculator.testcases.DivisionTestcases" name="divideTwoPositiveNumbers" time="0.001"/>
</testsuite> <!-- Sample Test Cases -->
