<?xml version="1.0" encoding="UTF-8"?>
<testng-results skipped="0" failed="0" ignored="0" total="1" passed="1">
  <reporter-output>
  </reporter-output>
  <suite name="BDD Cucumber" duration-ms="60928" started-at="2022-11-24T00:17:19 GMT-08:00" finished-at="2022-11-24T00:18:20 GMT-08:00">
    <groups>
    </groups>
    <test name="Scenarios" duration-ms="60928" started-at="2022-11-24T00:17:19 GMT-08:00" finished-at="2022-11-24T00:18:20 GMT-08:00">
      <class name="com.sgtesting.actitime.driverscript.DriverScript">
        <test-method status="PASS" signature="setUpClass()[pri:0, instance:com.sgtesting.actitime.driverscript.DriverScript@545997b1]" name="setUpClass" is-config="true" duration-ms="285" started-at="2022-11-24T00:17:19 GMT-08:00" finished-at="2022-11-24T00:17:19 GMT-08:00">
          <reporter-output>
          </reporter-output>
        </test-method> <!-- setUpClass -->
        <test-method status="PASS" signature="feature(cucumber.api.testng.CucumberFeatureWrapper)[pri:0, instance:com.sgtesting.actitime.driverscript.DriverScript@545997b1]" name="feature" duration-ms="60373" started-at="2022-11-24T00:17:19 GMT-08:00" data-provider="features" finished-at="2022-11-24T00:18:20 GMT-08:00">
          <params>
            <param index="0">
              <value>
                <![CDATA[Create User Functionality]]>
              </value>
            </param>
          </params>
          <reporter-output>
          </reporter-output>
        </test-method> <!-- feature -->
        <test-method status="PASS" signature="tearDownClass()[pri:0, instance:com.sgtesting.actitime.driverscript.DriverScript@545997b1]" name="tearDownClass" is-config="true" duration-ms="126" started-at="2022-11-24T00:18:20 GMT-08:00" finished-at="2022-11-24T00:18:20 GMT-08:00">
          <reporter-output>
          </reporter-output>
        </test-method> <!-- tearDownClass -->
      </class> <!-- com.sgtesting.actitime.driverscript.DriverScript -->
    </test> <!-- Scenarios -->
  </suite> <!-- BDD Cucumber -->
</testng-results>
