<?xml version="1.0" encoding="UTF-8"?>
<testng-results ignored="0" total="3" passed="3" failed="0" skipped="0">
  <reporter-output>
  </reporter-output>
  <suite started-at="2022-11-10T12:10:47 GMT-08:00" name="testcases" finished-at="2022-11-10T12:10:48 GMT-08:00" duration-ms="134">
    <groups>
    </groups>
    <test started-at="2022-11-10T12:10:47 GMT-08:00" name="Users" finished-at="2022-11-10T12:10:48 GMT-08:00" duration-ms="134">
      <class name="com.sgtesting.Testcases.Users">
        <test-method is-config="true" signature="setUp()[pri:0, instance:com.sgtesting.Testcases.Users@2a54a73f]" started-at="2022-11-10T12:10:48 GMT-08:00" name="setUp" finished-at="2022-11-10T12:10:48 GMT-08:00" duration-ms="16" status="PASS">
          <reporter-output>
          </reporter-output>
        </test-method> <!-- setUp -->
        <test-method signature="createUser()[pri:0, instance:com.sgtesting.Testcases.Users@2a54a73f]" started-at="2022-11-10T12:10:48 GMT-08:00" name="createUser" finished-at="2022-11-10T12:10:48 GMT-08:00" duration-ms="14" status="PASS">
          <reporter-output>
          </reporter-output>
        </test-method> <!-- createUser -->
        <test-method signature="deleteUser()[pri:0, instance:com.sgtesting.Testcases.Users@2a54a73f]" started-at="2022-11-10T12:10:48 GMT-08:00" name="deleteUser" finished-at="2022-11-10T12:10:48 GMT-08:00" duration-ms="8" status="PASS">
          <reporter-output>
          </reporter-output>
        </test-method> <!-- deleteUser -->
        <test-method signature="modifyUser()[pri:0, instance:com.sgtesting.Testcases.Users@2a54a73f]" started-at="2022-11-10T12:10:48 GMT-08:00" name="modifyUser" finished-at="2022-11-10T12:10:48 GMT-08:00" duration-ms="4" status="PASS">
          <reporter-output>
          </reporter-output>
        </test-method> <!-- modifyUser -->
        <test-method is-config="true" signature="tearDown()[pri:0, instance:com.sgtesting.Testcases.Users@2a54a73f]" started-at="2022-11-10T12:10:48 GMT-08:00" name="tearDown" finished-at="2022-11-10T12:10:48 GMT-08:00" duration-ms="3" status="PASS">
          <reporter-output>
          </reporter-output>
        </test-method> <!-- tearDown -->
      </class> <!-- com.sgtesting.Testcases.Users -->
    </test> <!-- Users -->
  </suite> <!-- testcases -->
</testng-results>
