<?xml version="1.0" encoding="UTF-8"?>
<testng-results ignored="0" total="6" passed="6" failed="0" skipped="0">
  <reporter-output>
  </reporter-output>
  <suite started-at="2022-11-11T11:41:41 GMT-08:00" name="testcases" finished-at="2022-11-11T11:42:22 GMT-08:00" duration-ms="40678">
    <groups>
    </groups>
    <test started-at="2022-11-11T11:41:41 GMT-08:00" name="Users" finished-at="2022-11-11T11:42:22 GMT-08:00" duration-ms="40678">
      <class name="com.sgtesting.Testcases.LoginLogoutDemo">
        <test-method signature="launchBrowser()[pri:1, instance:com.sgtesting.Testcases.LoginLogoutDemo@2c1b194a]" started-at="2022-11-11T11:41:41 GMT-08:00" name="launchBrowser" finished-at="2022-11-11T11:41:53 GMT-08:00" duration-ms="12041" status="PASS">
          <reporter-output>
          </reporter-output>
        </test-method> <!-- launchBrowser -->
        <test-method signature="navigate()[pri:2, instance:com.sgtesting.Testcases.LoginLogoutDemo@2c1b194a]" started-at="2022-11-11T11:41:53 GMT-08:00" name="navigate" finished-at="2022-11-11T11:42:07 GMT-08:00" duration-ms="13835" status="PASS">
          <reporter-output>
          </reporter-output>
        </test-method> <!-- navigate -->
        <test-method signature="login(java.lang.String,java.lang.String)[pri:3, instance:com.sgtesting.Testcases.LoginLogoutDemo@2c1b194a]" started-at="2022-11-11T11:42:07 GMT-08:00" name="login" data-provider="login" finished-at="2022-11-11T11:42:16 GMT-08:00" duration-ms="9019" status="PASS">
          <params>
            <param index="0">
              <value>
                <![CDATA[admin]]>
              </value>
            </param>
            <param index="1">
              <value>
                <![CDATA[manager]]>
              </value>
            </param>
          </params>
          <reporter-output>
          </reporter-output>
        </test-method> <!-- login -->
        <test-method signature="minimizeFlyOutwindow()[pri:4, instance:com.sgtesting.Testcases.LoginLogoutDemo@2c1b194a]" started-at="2022-11-11T11:42:16 GMT-08:00" name="minimizeFlyOutwindow" finished-at="2022-11-11T11:42:18 GMT-08:00" duration-ms="2217" status="PASS">
          <reporter-output>
          </reporter-output>
        </test-method> <!-- minimizeFlyOutwindow -->
        <test-method signature="logout()[pri:5, instance:com.sgtesting.Testcases.LoginLogoutDemo@2c1b194a]" started-at="2022-11-11T11:42:18 GMT-08:00" name="logout" finished-at="2022-11-11T11:42:21 GMT-08:00" duration-ms="2759" status="PASS">
          <reporter-output>
          </reporter-output>
        </test-method> <!-- logout -->
        <test-method signature="closeApp()[pri:6, instance:com.sgtesting.Testcases.LoginLogoutDemo@2c1b194a]" started-at="2022-11-11T11:42:21 GMT-08:00" name="closeApp" finished-at="2022-11-11T11:42:22 GMT-08:00" duration-ms="700" status="PASS">
          <reporter-output>
          </reporter-output>
        </test-method> <!-- closeApp -->
      </class> <!-- com.sgtesting.Testcases.LoginLogoutDemo -->
    </test> <!-- Users -->
  </suite> <!-- testcases -->
</testng-results>
