<?xml version="1.0" encoding="UTF-8"?>
<testng-results ignored="0" total="109" passed="109" failed="0" skipped="0">
  <reporter-output>
  </reporter-output>
  <suite started-at="2022-11-11T20:33:54 GMT-08:00" name="Actitime Scenarios" finished-at="2022-11-11T20:43:59 GMT-08:00" duration-ms="604744">
    <groups>
    </groups>
    <test started-at="2022-11-11T20:33:54 GMT-08:00" name="Test cases" finished-at="2022-11-11T20:43:59 GMT-08:00" duration-ms="604744">
      <class name="com.sgtesting.testngscenario.ModifyUserScenario">
        <test-method signature="launchBrowser()[pri:1, instance:com.sgtesting.testngscenario.ModifyUserScenario@485966cc]" started-at="2022-11-11T20:39:36 GMT-08:00" name="launchBrowser" finished-at="2022-11-11T20:39:40 GMT-08:00" duration-ms="3833" status="PASS">
          <reporter-output>
          </reporter-output>
        </test-method> <!-- launchBrowser -->
        <test-method signature="navigate()[pri:2, instance:com.sgtesting.testngscenario.ModifyUserScenario@485966cc]" started-at="2022-11-11T20:39:40 GMT-08:00" name="navigate" finished-at="2022-11-11T20:39:47 GMT-08:00" duration-ms="6998" status="PASS">
          <reporter-output>
          </reporter-output>
        </test-method> <!-- navigate -->
        <test-method signature="login(java.lang.String,java.lang.String)[pri:3, instance:com.sgtesting.testngscenario.ModifyUserScenario@485966cc]" started-at="2022-11-11T20:39:47 GMT-08:00" name="login" data-provider="login" finished-at="2022-11-11T20:39:52 GMT-08:00" duration-ms="5306" status="PASS">
          <params>
            <param index="0">
              <value>
                <![CDATA[admin]]>
              </value>
            </param>
            <param index="1">
              <value>
                <![CDATA[manager]]>
              </value>
            </param>
          </params>
          <reporter-output>
          </reporter-output>
        </test-method> <!-- login -->
        <test-method signature="minimizeFlyOutwindow()[pri:4, instance:com.sgtesting.testngscenario.ModifyUserScenario@485966cc]" started-at="2022-11-11T20:39:52 GMT-08:00" name="minimizeFlyOutwindow" finished-at="2022-11-11T20:39:53 GMT-08:00" duration-ms="266" status="PASS">
          <reporter-output>
          </reporter-output>
        </test-method> <!-- minimizeFlyOutwindow -->
        <test-method signature="createUser(java.lang.String,java.lang.String,java.lang.String,java.lang.String,java.lang.String,java.lang.String,java.lang.String)[pri:5, instance:com.sgtesting.testngscenario.ModifyUserScenario@485966cc]" started-at="2022-11-11T20:39:53 GMT-08:00" name="createUser" data-provider="userdata" finished-at="2022-11-11T20:40:09 GMT-08:00" duration-ms="16621" status="PASS">
          <params>
            <param index="0">
              <value>
                <![CDATA[demo]]>
              </value>
            </param>
            <param index="1">
              <value>
                <![CDATA[A]]>
              </value>
            </param>
            <param index="2">
              <value>
                <![CDATA[User1]]>
              </value>
            </param>
            <param index="3">
              <value>
                <![CDATA[demo@gmail.com]]>
              </value>
            </param>
            <param index="4">
              <value>
                <![CDATA[demoUser1]]>
              </value>
            </param>
            <param index="5">
              <value>
                <![CDATA[Welcome123]]>
              </value>
            </param>
            <param index="6">
              <value>
                <![CDATA[Welcome123]]>
              </value>
            </param>
          </params>
          <reporter-output>
          </reporter-output>
        </test-method> <!-- createUser -->
        <test-method signature="modifyUser(java.lang.String)[pri:6, instance:com.sgtesting.testngscenario.ModifyUserScenario@485966cc]" started-at="2022-11-11T20:40:09 GMT-08:00" name="modifyUser" data-provider="modifying" finished-at="2022-11-11T20:40:17 GMT-08:00" duration-ms="7606" status="PASS">
          <params>
            <param index="0">
              <value>
                <![CDATA[demo1@gmail.com]]>
              </value>
            </param>
          </params>
          <reporter-output>
          </reporter-output>
        </test-method> <!-- modifyUser -->
        <test-method signature="deleteUser()[pri:7, instance:com.sgtesting.testngscenario.ModifyUserScenario@485966cc]" started-at="2022-11-11T20:40:17 GMT-08:00" name="deleteUser" finished-at="2022-11-11T20:40:23 GMT-08:00" duration-ms="6227" status="PASS">
          <reporter-output>
          </reporter-output>
        </test-method> <!-- deleteUser -->
        <test-method signature="logout()[pri:8, instance:com.sgtesting.testngscenario.ModifyUserScenario@485966cc]" started-at="2022-11-11T20:40:23 GMT-08:00" name="logout" finished-at="2022-11-11T20:40:26 GMT-08:00" duration-ms="2693" status="PASS">
          <reporter-output>
          </reporter-output>
        </test-method> <!-- logout -->
        <test-method signature="closeApp()[pri:9, instance:com.sgtesting.testngscenario.ModifyUserScenario@485966cc]" started-at="2022-11-11T20:40:26 GMT-08:00" name="closeApp" finished-at="2022-11-11T20:40:27 GMT-08:00" duration-ms="1401" status="PASS">
          <reporter-output>
          </reporter-output>
        </test-method> <!-- closeApp -->
      </class> <!-- com.sgtesting.testngscenario.ModifyUserScenario -->
      <class name="com.sgtesting.testngscenario.CustomerModify">
        <test-method signature="launchBrowser()[pri:1, instance:com.sgtesting.testngscenario.CustomerModify@342c38f8]" started-at="2022-11-11T20:37:28 GMT-08:00" name="launchBrowser" finished-at="2022-11-11T20:37:32 GMT-08:00" duration-ms="3430" status="PASS">
          <reporter-output>
          </reporter-output>
        </test-method> <!-- launchBrowser -->
        <test-method signature="navigate()[pri:2, instance:com.sgtesting.testngscenario.CustomerModify@342c38f8]" started-at="2022-11-11T20:37:32 GMT-08:00" name="navigate" finished-at="2022-11-11T20:37:43 GMT-08:00" duration-ms="11633" status="PASS">
          <reporter-output>
          </reporter-output>
        </test-method> <!-- navigate -->
        <test-method signature="login(java.lang.String,java.lang.String)[pri:3, instance:com.sgtesting.testngscenario.CustomerModify@342c38f8]" started-at="2022-11-11T20:37:43 GMT-08:00" name="login" data-provider="login" finished-at="2022-11-11T20:37:49 GMT-08:00" duration-ms="5892" status="PASS">
          <params>
            <param index="0">
              <value>
                <![CDATA[admin]]>
              </value>
            </param>
            <param index="1">
              <value>
                <![CDATA[manager]]>
              </value>
            </param>
          </params>
          <reporter-output>
          </reporter-output>
        </test-method> <!-- login -->
        <test-method signature="minimizeFlyOutwindow()[pri:4, instance:com.sgtesting.testngscenario.CustomerModify@342c38f8]" started-at="2022-11-11T20:37:49 GMT-08:00" name="minimizeFlyOutwindow" finished-at="2022-11-11T20:37:53 GMT-08:00" duration-ms="4106" status="PASS">
          <reporter-output>
          </reporter-output>
        </test-method> <!-- minimizeFlyOutwindow -->
        <test-method signature="createCustomer(java.lang.String,java.lang.String)[pri:5, instance:com.sgtesting.testngscenario.CustomerModify@342c38f8]" started-at="2022-11-11T20:37:53 GMT-08:00" name="createCustomer" data-provider="createuser" finished-at="2022-11-11T20:38:00 GMT-08:00" duration-ms="6420" status="PASS">
          <params>
            <param index="0">
              <value>
                <![CDATA[Wonderla]]>
              </value>
            </param>
            <param index="1">
              <value>
                <![CDATA[Amusment park Ticketing Software]]>
              </value>
            </param>
          </params>
          <reporter-output>
          </reporter-output>
        </test-method> <!-- createCustomer -->
        <test-method signature="modifyCustomer(java.lang.String)[pri:6, instance:com.sgtesting.testngscenario.CustomerModify@342c38f8]" started-at="2022-11-11T20:38:00 GMT-08:00" name="modifyCustomer" data-provider="modifycus" finished-at="2022-11-11T20:38:02 GMT-08:00" duration-ms="2125" status="PASS">
          <params>
            <param index="0">
              <value>
                <![CDATA[Wonderla1]]>
              </value>
            </param>
          </params>
          <reporter-output>
          </reporter-output>
        </test-method> <!-- modifyCustomer -->
        <test-method signature="deleteCustomer()[pri:7, instance:com.sgtesting.testngscenario.CustomerModify@342c38f8]" started-at="2022-11-11T20:38:02 GMT-08:00" name="deleteCustomer" finished-at="2022-11-11T20:38:08 GMT-08:00" duration-ms="6409" status="PASS">
          <reporter-output>
          </reporter-output>
        </test-method> <!-- deleteCustomer -->
        <test-method signature="logout()[pri:8, instance:com.sgtesting.testngscenario.CustomerModify@342c38f8]" started-at="2022-11-11T20:38:08 GMT-08:00" name="logout" finished-at="2022-11-11T20:38:14 GMT-08:00" duration-ms="5550" status="PASS">
          <reporter-output>
          </reporter-output>
        </test-method> <!-- logout -->
        <test-method signature="closeApp()[pri:9, instance:com.sgtesting.testngscenario.CustomerModify@342c38f8]" started-at="2022-11-11T20:38:14 GMT-08:00" name="closeApp" finished-at="2022-11-11T20:38:14 GMT-08:00" duration-ms="344" status="PASS">
          <reporter-output>
          </reporter-output>
        </test-method> <!-- closeApp -->
      </class> <!-- com.sgtesting.testngscenario.CustomerModify -->
      <class name="com.sgtesting.testngscenario.CreateProject">
        <test-method signature="launchBrowser()[pri:1, instance:com.sgtesting.testngscenario.CreateProject@2ed2d9cb]" started-at="2022-11-11T20:34:37 GMT-08:00" name="launchBrowser" finished-at="2022-11-11T20:34:40 GMT-08:00" duration-ms="3208" status="PASS">
          <reporter-output>
          </reporter-output>
        </test-method> <!-- launchBrowser -->
        <test-method signature="navigate()[pri:2, instance:com.sgtesting.testngscenario.CreateProject@2ed2d9cb]" started-at="2022-11-11T20:34:40 GMT-08:00" name="navigate" finished-at="2022-11-11T20:34:50 GMT-08:00" duration-ms="9216" status="PASS">
          <reporter-output>
          </reporter-output>
        </test-method> <!-- navigate -->
        <test-method signature="login(java.lang.String,java.lang.String)[pri:3, instance:com.sgtesting.testngscenario.CreateProject@2ed2d9cb]" started-at="2022-11-11T20:34:50 GMT-08:00" name="login" data-provider="login" finished-at="2022-11-11T20:34:55 GMT-08:00" duration-ms="5316" status="PASS">
          <params>
            <param index="0">
              <value>
                <![CDATA[admin]]>
              </value>
            </param>
            <param index="1">
              <value>
                <![CDATA[manager]]>
              </value>
            </param>
          </params>
          <reporter-output>
          </reporter-output>
        </test-method> <!-- login -->
        <test-method signature="minimizeFlyOutwindow()[pri:4, instance:com.sgtesting.testngscenario.CreateProject@2ed2d9cb]" started-at="2022-11-11T20:34:55 GMT-08:00" name="minimizeFlyOutwindow" finished-at="2022-11-11T20:34:59 GMT-08:00" duration-ms="4118" status="PASS">
          <reporter-output>
          </reporter-output>
        </test-method> <!-- minimizeFlyOutwindow -->
        <test-method signature="createCustomer(java.lang.String,java.lang.String)[pri:5, instance:com.sgtesting.testngscenario.CreateProject@2ed2d9cb]" started-at="2022-11-11T20:34:59 GMT-08:00" name="createCustomer" data-provider="createuser" finished-at="2022-11-11T20:35:06 GMT-08:00" duration-ms="7116" status="PASS">
          <params>
            <param index="0">
              <value>
                <![CDATA[Wonderla]]>
              </value>
            </param>
            <param index="1">
              <value>
                <![CDATA[Amusment park Ticketing Software]]>
              </value>
            </param>
          </params>
          <reporter-output>
          </reporter-output>
        </test-method> <!-- createCustomer -->
        <test-method signature="createProject(java.lang.String)[pri:6, instance:com.sgtesting.testngscenario.CreateProject@2ed2d9cb]" started-at="2022-11-11T20:35:06 GMT-08:00" name="createProject" data-provider="projectData" finished-at="2022-11-11T20:35:16 GMT-08:00" duration-ms="10398" status="PASS">
          <params>
            <param index="0">
              <value>
                <![CDATA[DELL Automation]]>
              </value>
            </param>
          </params>
          <reporter-output>
          </reporter-output>
        </test-method> <!-- createProject -->
        <test-method signature="deleteProject()[pri:7, instance:com.sgtesting.testngscenario.CreateProject@2ed2d9cb]" started-at="2022-11-11T20:35:16 GMT-08:00" name="deleteProject" finished-at="2022-11-11T20:35:25 GMT-08:00" duration-ms="8398" status="PASS">
          <reporter-output>
          </reporter-output>
        </test-method> <!-- deleteProject -->
        <test-method signature="deleteCustomer()[pri:8, instance:com.sgtesting.testngscenario.CreateProject@2ed2d9cb]" started-at="2022-11-11T20:35:25 GMT-08:00" name="deleteCustomer" finished-at="2022-11-11T20:35:25 GMT-08:00" duration-ms="80" status="PASS">
          <reporter-output>
          </reporter-output>
        </test-method> <!-- deleteCustomer -->
        <test-method signature="logout()[pri:9, instance:com.sgtesting.testngscenario.CreateProject@2ed2d9cb]" started-at="2022-11-11T20:35:25 GMT-08:00" name="logout" finished-at="2022-11-11T20:35:28 GMT-08:00" duration-ms="2608" status="PASS">
          <reporter-output>
          </reporter-output>
        </test-method> <!-- logout -->
        <test-method signature="closeApp()[pri:10, instance:com.sgtesting.testngscenario.CreateProject@2ed2d9cb]" started-at="2022-11-11T20:35:28 GMT-08:00" name="closeApp" finished-at="2022-11-11T20:35:28 GMT-08:00" duration-ms="310" status="PASS">
          <reporter-output>
          </reporter-output>
        </test-method> <!-- closeApp -->
      </class> <!-- com.sgtesting.testngscenario.CreateProject -->
      <class name="com.sgtesting.testngscenario.CreateCustomer">
        <test-method signature="launchBrowser()[pri:1, instance:com.sgtesting.testngscenario.CreateCustomer@a530d0a]" started-at="2022-11-11T20:33:54 GMT-08:00" name="launchBrowser" finished-at="2022-11-11T20:34:03 GMT-08:00" duration-ms="8360" status="PASS">
          <reporter-output>
          </reporter-output>
        </test-method> <!-- launchBrowser -->
        <test-method signature="navigate()[pri:2, instance:com.sgtesting.testngscenario.CreateCustomer@a530d0a]" started-at="2022-11-11T20:34:03 GMT-08:00" name="navigate" finished-at="2022-11-11T20:34:11 GMT-08:00" duration-ms="8645" status="PASS">
          <reporter-output>
          </reporter-output>
        </test-method> <!-- navigate -->
        <test-method signature="login(java.lang.String,java.lang.String)[pri:3, instance:com.sgtesting.testngscenario.CreateCustomer@a530d0a]" started-at="2022-11-11T20:34:11 GMT-08:00" name="login" data-provider="login" finished-at="2022-11-11T20:34:17 GMT-08:00" duration-ms="5322" status="PASS">
          <params>
            <param index="0">
              <value>
                <![CDATA[admin]]>
              </value>
            </param>
            <param index="1">
              <value>
                <![CDATA[manager]]>
              </value>
            </param>
          </params>
          <reporter-output>
          </reporter-output>
        </test-method> <!-- login -->
        <test-method signature="minimizeFlyOutwindow()[pri:4, instance:com.sgtesting.testngscenario.CreateCustomer@a530d0a]" started-at="2022-11-11T20:34:17 GMT-08:00" name="minimizeFlyOutwindow" finished-at="2022-11-11T20:34:21 GMT-08:00" duration-ms="4104" status="PASS">
          <reporter-output>
          </reporter-output>
        </test-method> <!-- minimizeFlyOutwindow -->
        <test-method signature="createCustomer(java.lang.String,java.lang.String)[pri:5, instance:com.sgtesting.testngscenario.CreateCustomer@a530d0a]" started-at="2022-11-11T20:34:21 GMT-08:00" name="createCustomer" data-provider="createuser" finished-at="2022-11-11T20:34:27 GMT-08:00" duration-ms="6282" status="PASS">
          <params>
            <param index="0">
              <value>
                <![CDATA[Wonderla]]>
              </value>
            </param>
            <param index="1">
              <value>
                <![CDATA[Amusment park Ticketing Software]]>
              </value>
            </param>
          </params>
          <reporter-output>
          </reporter-output>
        </test-method> <!-- createCustomer -->
        <test-method signature="deleteCustomer()[pri:6, instance:com.sgtesting.testngscenario.CreateCustomer@a530d0a]" started-at="2022-11-11T20:34:27 GMT-08:00" name="deleteCustomer" finished-at="2022-11-11T20:34:34 GMT-08:00" duration-ms="6357" status="PASS">
          <reporter-output>
          </reporter-output>
        </test-method> <!-- deleteCustomer -->
        <test-method signature="logout()[pri:7, instance:com.sgtesting.testngscenario.CreateCustomer@a530d0a]" started-at="2022-11-11T20:34:34 GMT-08:00" name="logout" finished-at="2022-11-11T20:34:37 GMT-08:00" duration-ms="3088" status="PASS">
          <reporter-output>
          </reporter-output>
        </test-method> <!-- logout -->
        <test-method signature="closeApp()[pri:8, instance:com.sgtesting.testngscenario.CreateCustomer@a530d0a]" started-at="2022-11-11T20:34:37 GMT-08:00" name="closeApp" finished-at="2022-11-11T20:34:37 GMT-08:00" duration-ms="434" status="PASS">
          <reporter-output>
          </reporter-output>
        </test-method> <!-- closeApp -->
      </class> <!-- com.sgtesting.testngscenario.CreateCustomer -->
      <class name="com.sgtesting.testngscenario.CreateMultipleUser">
        <test-method signature="launchBrowser()[pri:1, instance:com.sgtesting.testngscenario.CreateMultipleUser@1de76cc7]" started-at="2022-11-11T20:40:27 GMT-08:00" name="launchBrowser" finished-at="2022-11-11T20:40:33 GMT-08:00" duration-ms="5606" status="PASS">
          <reporter-output>
          </reporter-output>
        </test-method> <!-- launchBrowser -->
        <test-method signature="navigate()[pri:2, instance:com.sgtesting.testngscenario.CreateMultipleUser@1de76cc7]" started-at="2022-11-11T20:40:33 GMT-08:00" name="navigate" finished-at="2022-11-11T20:40:42 GMT-08:00" duration-ms="8945" status="PASS">
          <reporter-output>
          </reporter-output>
        </test-method> <!-- navigate -->
        <test-method signature="login(java.lang.String,java.lang.String)[pri:3, instance:com.sgtesting.testngscenario.CreateMultipleUser@1de76cc7]" started-at="2022-11-11T20:40:42 GMT-08:00" name="login" data-provider="login" finished-at="2022-11-11T20:40:47 GMT-08:00" duration-ms="5301" status="PASS">
          <params>
            <param index="0">
              <value>
                <![CDATA[admin]]>
              </value>
            </param>
            <param index="1">
              <value>
                <![CDATA[manager]]>
              </value>
            </param>
          </params>
          <reporter-output>
          </reporter-output>
        </test-method> <!-- login -->
        <test-method signature="minimizeFlyOutwindow()[pri:4, instance:com.sgtesting.testngscenario.CreateMultipleUser@1de76cc7]" started-at="2022-11-11T20:40:47 GMT-08:00" name="minimizeFlyOutwindow" finished-at="2022-11-11T20:40:49 GMT-08:00" duration-ms="2142" status="PASS">
          <reporter-output>
          </reporter-output>
        </test-method> <!-- minimizeFlyOutwindow -->
        <test-method signature="User1(java.lang.String,java.lang.String,java.lang.String,java.lang.String,java.lang.String,java.lang.String,java.lang.String)[pri:5, instance:com.sgtesting.testngscenario.CreateMultipleUser@1de76cc7]" started-at="2022-11-11T20:40:49 GMT-08:00" name="User1" data-provider="userdata1" finished-at="2022-11-11T20:41:07 GMT-08:00" duration-ms="17723" status="PASS">
          <params>
            <param index="0">
              <value>
                <![CDATA[demo]]>
              </value>
            </param>
            <param index="1">
              <value>
                <![CDATA[A]]>
              </value>
            </param>
            <param index="2">
              <value>
                <![CDATA[User1]]>
              </value>
            </param>
            <param index="3">
              <value>
                <![CDATA[demo@gmail.com]]>
              </value>
            </param>
            <param index="4">
              <value>
                <![CDATA[demoUser1]]>
              </value>
            </param>
            <param index="5">
              <value>
                <![CDATA[12345a]]>
              </value>
            </param>
            <param index="6">
              <value>
                <![CDATA[12345a]]>
              </value>
            </param>
          </params>
          <reporter-output>
          </reporter-output>
        </test-method> <!-- User1 -->
        <test-method signature="User2(java.lang.String,java.lang.String,java.lang.String,java.lang.String,java.lang.String,java.lang.String,java.lang.String)[pri:6, instance:com.sgtesting.testngscenario.CreateMultipleUser@1de76cc7]" started-at="2022-11-11T20:41:07 GMT-08:00" name="User2" data-provider="userdata2" finished-at="2022-11-11T20:41:20 GMT-08:00" duration-ms="12741" status="PASS">
          <params>
            <param index="0">
              <value>
                <![CDATA[demo]]>
              </value>
            </param>
            <param index="1">
              <value>
                <![CDATA[s]]>
              </value>
            </param>
            <param index="2">
              <value>
                <![CDATA[sam]]>
              </value>
            </param>
            <param index="3">
              <value>
                <![CDATA[sam@gmail.com]]>
              </value>
            </param>
            <param index="4">
              <value>
                <![CDATA[Demouser2]]>
              </value>
            </param>
            <param index="5">
              <value>
                <![CDATA[123321]]>
              </value>
            </param>
            <param index="6">
              <value>
                <![CDATA[123321]]>
              </value>
            </param>
          </params>
          <reporter-output>
          </reporter-output>
        </test-method> <!-- User2 -->
        <test-method signature="User3(java.lang.String,java.lang.String,java.lang.String,java.lang.String,java.lang.String,java.lang.String,java.lang.String)[pri:7, instance:com.sgtesting.testngscenario.CreateMultipleUser@1de76cc7]" started-at="2022-11-11T20:41:20 GMT-08:00" name="User3" data-provider="userdata3" finished-at="2022-11-11T20:41:32 GMT-08:00" duration-ms="12751" status="PASS">
          <params>
            <param index="0">
              <value>
                <![CDATA[demo]]>
              </value>
            </param>
            <param index="1">
              <value>
                <![CDATA[s]]>
              </value>
            </param>
            <param index="2">
              <value>
                <![CDATA[niki]]>
              </value>
            </param>
            <param index="3">
              <value>
                <![CDATA[niki@gmail.com]]>
              </value>
            </param>
            <param index="4">
              <value>
                <![CDATA[Demouser3]]>
              </value>
            </param>
            <param index="5">
              <value>
                <![CDATA[121212]]>
              </value>
            </param>
            <param index="6">
              <value>
                <![CDATA[121212]]>
              </value>
            </param>
          </params>
          <reporter-output>
          </reporter-output>
        </test-method> <!-- User3 -->
        <test-method signature="Logout()[pri:8, instance:com.sgtesting.testngscenario.CreateMultipleUser@1de76cc7]" started-at="2022-11-11T20:41:32 GMT-08:00" name="Logout" finished-at="2022-11-11T20:41:35 GMT-08:00" duration-ms="2381" status="PASS">
          <reporter-output>
          </reporter-output>
        </test-method> <!-- Logout -->
        <test-method signature="LoginUser1()[pri:9, instance:com.sgtesting.testngscenario.CreateMultipleUser@1de76cc7]" started-at="2022-11-11T20:41:35 GMT-08:00" name="LoginUser1" finished-at="2022-11-11T20:41:37 GMT-08:00" duration-ms="2349" status="PASS">
          <reporter-output>
          </reporter-output>
        </test-method> <!-- LoginUser1 -->
        <test-method signature="Logoutuser1()[pri:10, instance:com.sgtesting.testngscenario.CreateMultipleUser@1de76cc7]" started-at="2022-11-11T20:41:37 GMT-08:00" name="Logoutuser1" finished-at="2022-11-11T20:41:40 GMT-08:00" duration-ms="3319" status="PASS">
          <reporter-output>
          </reporter-output>
        </test-method> <!-- Logoutuser1 -->
        <test-method signature="LoginUser2()[pri:11, instance:com.sgtesting.testngscenario.CreateMultipleUser@1de76cc7]" started-at="2022-11-11T20:41:40 GMT-08:00" name="LoginUser2" finished-at="2022-11-11T20:41:43 GMT-08:00" duration-ms="2354" status="PASS">
          <reporter-output>
          </reporter-output>
        </test-method> <!-- LoginUser2 -->
        <test-method signature="Logoutuser2()[pri:12, instance:com.sgtesting.testngscenario.CreateMultipleUser@1de76cc7]" started-at="2022-11-11T20:41:43 GMT-08:00" name="Logoutuser2" finished-at="2022-11-11T20:41:46 GMT-08:00" duration-ms="3195" status="PASS">
          <reporter-output>
          </reporter-output>
        </test-method> <!-- Logoutuser2 -->
        <test-method signature="LoginUser3()[pri:13, instance:com.sgtesting.testngscenario.CreateMultipleUser@1de76cc7]" started-at="2022-11-11T20:41:46 GMT-08:00" name="LoginUser3" finished-at="2022-11-11T20:41:49 GMT-08:00" duration-ms="3098" status="PASS">
          <reporter-output>
          </reporter-output>
        </test-method> <!-- LoginUser3 -->
        <test-method signature="Logoutuser3()[pri:14, instance:com.sgtesting.testngscenario.CreateMultipleUser@1de76cc7]" started-at="2022-11-11T20:41:49 GMT-08:00" name="Logoutuser3" finished-at="2022-11-11T20:41:52 GMT-08:00" duration-ms="3211" status="PASS">
          <reporter-output>
          </reporter-output>
        </test-method> <!-- Logoutuser3 -->
        <test-method signature="SecontimeLoginUser1()[pri:15, instance:com.sgtesting.testngscenario.CreateMultipleUser@1de76cc7]" started-at="2022-11-11T20:41:52 GMT-08:00" name="SecontimeLoginUser1" finished-at="2022-11-11T20:41:55 GMT-08:00" duration-ms="2248" status="PASS">
          <reporter-output>
          </reporter-output>
        </test-method> <!-- SecontimeLoginUser1 -->
        <test-method signature="Modifyuser1()[pri:16, instance:com.sgtesting.testngscenario.CreateMultipleUser@1de76cc7]" started-at="2022-11-11T20:41:55 GMT-08:00" name="Modifyuser1" finished-at="2022-11-11T20:42:06 GMT-08:00" duration-ms="11276" status="PASS">
          <reporter-output>
          </reporter-output>
        </test-method> <!-- Modifyuser1 -->
        <test-method signature="SecondtimeLogoutuser1()[pri:17, instance:com.sgtesting.testngscenario.CreateMultipleUser@1de76cc7]" started-at="2022-11-11T20:42:06 GMT-08:00" name="SecondtimeLogoutuser1" finished-at="2022-11-11T20:42:08 GMT-08:00" duration-ms="2607" status="PASS">
          <reporter-output>
          </reporter-output>
        </test-method> <!-- SecondtimeLogoutuser1 -->
        <test-method signature="SecondtimeLoginUser2()[pri:18, instance:com.sgtesting.testngscenario.CreateMultipleUser@1de76cc7]" started-at="2022-11-11T20:42:08 GMT-08:00" name="SecondtimeLoginUser2" finished-at="2022-11-11T20:42:11 GMT-08:00" duration-ms="2213" status="PASS">
          <reporter-output>
          </reporter-output>
        </test-method> <!-- SecondtimeLoginUser2 -->
        <test-method signature="Modifyuser2()[pri:19, instance:com.sgtesting.testngscenario.CreateMultipleUser@1de76cc7]" started-at="2022-11-11T20:42:11 GMT-08:00" name="Modifyuser2" finished-at="2022-11-11T20:42:22 GMT-08:00" duration-ms="10892" status="PASS">
          <reporter-output>
          </reporter-output>
        </test-method> <!-- Modifyuser2 -->
        <test-method signature="SecondtimeLogoutuser2()[pri:20, instance:com.sgtesting.testngscenario.CreateMultipleUser@1de76cc7]" started-at="2022-11-11T20:42:22 GMT-08:00" name="SecondtimeLogoutuser2" finished-at="2022-11-11T20:42:24 GMT-08:00" duration-ms="2279" status="PASS">
          <reporter-output>
          </reporter-output>
        </test-method> <!-- SecondtimeLogoutuser2 -->
        <test-method signature="SecondtimeLoginUser3()[pri:21, instance:com.sgtesting.testngscenario.CreateMultipleUser@1de76cc7]" started-at="2022-11-11T20:42:24 GMT-08:00" name="SecondtimeLoginUser3" finished-at="2022-11-11T20:42:26 GMT-08:00" duration-ms="2217" status="PASS">
          <reporter-output>
          </reporter-output>
        </test-method> <!-- SecondtimeLoginUser3 -->
        <test-method signature="Modifyuser3()[pri:22, instance:com.sgtesting.testngscenario.CreateMultipleUser@1de76cc7]" started-at="2022-11-11T20:42:26 GMT-08:00" name="Modifyuser3" finished-at="2022-11-11T20:42:37 GMT-08:00" duration-ms="11161" status="PASS">
          <reporter-output>
          </reporter-output>
        </test-method> <!-- Modifyuser3 -->
        <test-method signature="SecondtimeLogoutuser3()[pri:23, instance:com.sgtesting.testngscenario.CreateMultipleUser@1de76cc7]" started-at="2022-11-11T20:42:37 GMT-08:00" name="SecondtimeLogoutuser3" finished-at="2022-11-11T20:42:40 GMT-08:00" duration-ms="2268" status="PASS">
          <reporter-output>
          </reporter-output>
        </test-method> <!-- SecondtimeLogoutuser3 -->
        <test-method signature="SecondtimeadminLogin()[pri:24, instance:com.sgtesting.testngscenario.CreateMultipleUser@1de76cc7]" started-at="2022-11-11T20:42:40 GMT-08:00" name="SecondtimeadminLogin" finished-at="2022-11-11T20:42:42 GMT-08:00" duration-ms="2235" status="PASS">
          <reporter-output>
          </reporter-output>
        </test-method> <!-- SecondtimeadminLogin -->
        <test-method signature="AdminModifyuser1()[pri:25, instance:com.sgtesting.testngscenario.CreateMultipleUser@1de76cc7]" started-at="2022-11-11T20:42:42 GMT-08:00" name="AdminModifyuser1" finished-at="2022-11-11T20:43:14 GMT-08:00" duration-ms="31812" status="PASS">
          <reporter-output>
          </reporter-output>
        </test-method> <!-- AdminModifyuser1 -->
        <test-method signature="SecondtimeAdminlogout()[pri:26, instance:com.sgtesting.testngscenario.CreateMultipleUser@1de76cc7]" started-at="2022-11-11T20:43:14 GMT-08:00" name="SecondtimeAdminlogout" finished-at="2022-11-11T20:43:16 GMT-08:00" duration-ms="2314" status="PASS">
          <reporter-output>
          </reporter-output>
        </test-method> <!-- SecondtimeAdminlogout -->
        <test-method signature="ThirdtimeLoginUser1()[pri:27, instance:com.sgtesting.testngscenario.CreateMultipleUser@1de76cc7]" started-at="2022-11-11T20:43:16 GMT-08:00" name="ThirdtimeLoginUser1" finished-at="2022-11-11T20:43:18 GMT-08:00" duration-ms="2229" status="PASS">
          <reporter-output>
          </reporter-output>
        </test-method> <!-- ThirdtimeLoginUser1 -->
        <test-method signature="Thirdtimeuser1logout()[pri:28, instance:com.sgtesting.testngscenario.CreateMultipleUser@1de76cc7]" started-at="2022-11-11T20:43:18 GMT-08:00" name="Thirdtimeuser1logout" finished-at="2022-11-11T20:43:20 GMT-08:00" duration-ms="2250" status="PASS">
          <reporter-output>
          </reporter-output>
        </test-method> <!-- Thirdtimeuser1logout -->
        <test-method signature="ThirdtimeLoginUser2()[pri:29, instance:com.sgtesting.testngscenario.CreateMultipleUser@1de76cc7]" started-at="2022-11-11T20:43:20 GMT-08:00" name="ThirdtimeLoginUser2" finished-at="2022-11-11T20:43:23 GMT-08:00" duration-ms="2222" status="PASS">
          <reporter-output>
          </reporter-output>
        </test-method> <!-- ThirdtimeLoginUser2 -->
        <test-method signature="Thirdtimeuser2logout()[pri:30, instance:com.sgtesting.testngscenario.CreateMultipleUser@1de76cc7]" started-at="2022-11-11T20:43:23 GMT-08:00" name="Thirdtimeuser2logout" finished-at="2022-11-11T20:43:25 GMT-08:00" duration-ms="2260" status="PASS">
          <reporter-output>
          </reporter-output>
        </test-method> <!-- Thirdtimeuser2logout -->
        <test-method signature="ThirdtimeLoginUser3()[pri:31, instance:com.sgtesting.testngscenario.CreateMultipleUser@1de76cc7]" started-at="2022-11-11T20:43:25 GMT-08:00" name="ThirdtimeLoginUser3" finished-at="2022-11-11T20:43:27 GMT-08:00" duration-ms="2221" status="PASS">
          <reporter-output>
          </reporter-output>
        </test-method> <!-- ThirdtimeLoginUser3 -->
        <test-method signature="Thirdtimeuser3logout()[pri:32, instance:com.sgtesting.testngscenario.CreateMultipleUser@1de76cc7]" started-at="2022-11-11T20:43:27 GMT-08:00" name="Thirdtimeuser3logout" finished-at="2022-11-11T20:43:29 GMT-08:00" duration-ms="2252" status="PASS">
          <reporter-output>
          </reporter-output>
        </test-method> <!-- Thirdtimeuser3logout -->
        <test-method signature="thirdtimeadminLogin()[pri:33, instance:com.sgtesting.testngscenario.CreateMultipleUser@1de76cc7]" started-at="2022-11-11T20:43:29 GMT-08:00" name="thirdtimeadminLogin" finished-at="2022-11-11T20:43:32 GMT-08:00" duration-ms="2213" status="PASS">
          <reporter-output>
          </reporter-output>
        </test-method> <!-- thirdtimeadminLogin -->
        <test-method signature="DeleteUesers()[pri:34, instance:com.sgtesting.testngscenario.CreateMultipleUser@1de76cc7]" started-at="2022-11-11T20:43:32 GMT-08:00" name="DeleteUesers" finished-at="2022-11-11T20:43:53 GMT-08:00" duration-ms="21709" status="PASS">
          <reporter-output>
          </reporter-output>
        </test-method> <!-- DeleteUesers -->
        <test-method signature="ThirdtimeAdminlogout()[pri:35, instance:com.sgtesting.testngscenario.CreateMultipleUser@1de76cc7]" started-at="2022-11-11T20:43:53 GMT-08:00" name="ThirdtimeAdminlogout" finished-at="2022-11-11T20:43:56 GMT-08:00" duration-ms="2443" status="PASS">
          <reporter-output>
          </reporter-output>
        </test-method> <!-- ThirdtimeAdminlogout -->
        <test-method signature="CloseBrowser()[pri:36, instance:com.sgtesting.testngscenario.CreateMultipleUser@1de76cc7]" started-at="2022-11-11T20:43:56 GMT-08:00" name="CloseBrowser" finished-at="2022-11-11T20:43:59 GMT-08:00" duration-ms="3424" status="PASS">
          <reporter-output>
          </reporter-output>
        </test-method> <!-- CloseBrowser -->
      </class> <!-- com.sgtesting.testngscenario.CreateMultipleUser -->
      <class name="com.sgtesting.testngscenario.CreateTask">
        <test-method signature="launchBrowser()[pri:1, instance:com.sgtesting.testngscenario.CreateTask@d5b810e]" started-at="2022-11-11T20:35:28 GMT-08:00" name="launchBrowser" finished-at="2022-11-11T20:35:31 GMT-08:00" duration-ms="3568" status="PASS">
          <reporter-output>
          </reporter-output>
        </test-method> <!-- launchBrowser -->
        <test-method signature="navigate()[pri:2, instance:com.sgtesting.testngscenario.CreateTask@d5b810e]" started-at="2022-11-11T20:35:31 GMT-08:00" name="navigate" finished-at="2022-11-11T20:35:45 GMT-08:00" duration-ms="13328" status="PASS">
          <reporter-output>
          </reporter-output>
        </test-method> <!-- navigate -->
        <test-method signature="login(java.lang.String,java.lang.String)[pri:3, instance:com.sgtesting.testngscenario.CreateTask@d5b810e]" started-at="2022-11-11T20:35:45 GMT-08:00" name="login" data-provider="login" finished-at="2022-11-11T20:35:50 GMT-08:00" duration-ms="5303" status="PASS">
          <params>
            <param index="0">
              <value>
                <![CDATA[admin]]>
              </value>
            </param>
            <param index="1">
              <value>
                <![CDATA[manager]]>
              </value>
            </param>
          </params>
          <reporter-output>
          </reporter-output>
        </test-method> <!-- login -->
        <test-method signature="minimizeFlyOutwindow()[pri:4, instance:com.sgtesting.testngscenario.CreateTask@d5b810e]" started-at="2022-11-11T20:35:50 GMT-08:00" name="minimizeFlyOutwindow" finished-at="2022-11-11T20:35:54 GMT-08:00" duration-ms="4094" status="PASS">
          <reporter-output>
          </reporter-output>
        </test-method> <!-- minimizeFlyOutwindow -->
        <test-method signature="createCustomer(java.lang.String,java.lang.String)[pri:5, instance:com.sgtesting.testngscenario.CreateTask@d5b810e]" started-at="2022-11-11T20:35:54 GMT-08:00" name="createCustomer" data-provider="createuser" finished-at="2022-11-11T20:36:01 GMT-08:00" duration-ms="6520" status="PASS">
          <params>
            <param index="0">
              <value>
                <![CDATA[Wonderla]]>
              </value>
            </param>
            <param index="1">
              <value>
                <![CDATA[Amusment park Ticketing Software]]>
              </value>
            </param>
          </params>
          <reporter-output>
          </reporter-output>
        </test-method> <!-- createCustomer -->
        <test-method signature="createProject(java.lang.String)[pri:6, instance:com.sgtesting.testngscenario.CreateTask@d5b810e]" started-at="2022-11-11T20:36:01 GMT-08:00" name="createProject" data-provider="projectData" finished-at="2022-11-11T20:36:11 GMT-08:00" duration-ms="10407" status="PASS">
          <params>
            <param index="0">
              <value>
                <![CDATA[DELL Automation]]>
              </value>
            </param>
          </params>
          <reporter-output>
          </reporter-output>
        </test-method> <!-- createProject -->
        <test-method signature="CreateTask(java.lang.String)[pri:7, instance:com.sgtesting.testngscenario.CreateTask@d5b810e]" started-at="2022-11-11T20:36:11 GMT-08:00" name="CreateTask" data-provider="taskData" finished-at="2022-11-11T20:36:22 GMT-08:00" duration-ms="10406" status="PASS">
          <params>
            <param index="0">
              <value>
                <![CDATA[Task1]]>
              </value>
            </param>
          </params>
          <reporter-output>
          </reporter-output>
        </test-method> <!-- CreateTask -->
        <test-method signature="DeleteTask()[pri:8, instance:com.sgtesting.testngscenario.CreateTask@d5b810e]" started-at="2022-11-11T20:36:22 GMT-08:00" name="DeleteTask" finished-at="2022-11-11T20:36:30 GMT-08:00" duration-ms="8347" status="PASS">
          <reporter-output>
          </reporter-output>
        </test-method> <!-- DeleteTask -->
        <test-method signature="deleteProject()[pri:9, instance:com.sgtesting.testngscenario.CreateTask@d5b810e]" started-at="2022-11-11T20:36:30 GMT-08:00" name="deleteProject" finished-at="2022-11-11T20:36:38 GMT-08:00" duration-ms="8324" status="PASS">
          <reporter-output>
          </reporter-output>
        </test-method> <!-- deleteProject -->
        <test-method signature="deleteCustomer()[pri:10, instance:com.sgtesting.testngscenario.CreateTask@d5b810e]" started-at="2022-11-11T20:36:38 GMT-08:00" name="deleteCustomer" finished-at="2022-11-11T20:36:38 GMT-08:00" duration-ms="26" status="PASS">
          <reporter-output>
          </reporter-output>
        </test-method> <!-- deleteCustomer -->
        <test-method signature="logout()[pri:11, instance:com.sgtesting.testngscenario.CreateTask@d5b810e]" started-at="2022-11-11T20:36:38 GMT-08:00" name="logout" finished-at="2022-11-11T20:36:41 GMT-08:00" duration-ms="2280" status="PASS">
          <reporter-output>
          </reporter-output>
        </test-method> <!-- logout -->
        <test-method signature="closeApp()[pri:12, instance:com.sgtesting.testngscenario.CreateTask@d5b810e]" started-at="2022-11-11T20:36:41 GMT-08:00" name="closeApp" finished-at="2022-11-11T20:36:41 GMT-08:00" duration-ms="373" status="PASS">
          <reporter-output>
          </reporter-output>
        </test-method> <!-- closeApp -->
      </class> <!-- com.sgtesting.testngscenario.CreateTask -->
      <class name="com.sgtesting.testngscenario.CreateUserScenarioDemo">
        <test-method signature="launchBrowser()[pri:1, instance:com.sgtesting.testngscenario.CreateUserScenarioDemo@43dac38f]" started-at="2022-11-11T20:36:41 GMT-08:00" name="launchBrowser" finished-at="2022-11-11T20:36:44 GMT-08:00" duration-ms="3298" status="PASS">
          <reporter-output>
          </reporter-output>
        </test-method> <!-- launchBrowser -->
        <test-method signature="navigate()[pri:2, instance:com.sgtesting.testngscenario.CreateUserScenarioDemo@43dac38f]" started-at="2022-11-11T20:36:44 GMT-08:00" name="navigate" finished-at="2022-11-11T20:36:55 GMT-08:00" duration-ms="10317" status="PASS">
          <reporter-output>
          </reporter-output>
        </test-method> <!-- navigate -->
        <test-method signature="login(java.lang.String,java.lang.String)[pri:3, instance:com.sgtesting.testngscenario.CreateUserScenarioDemo@43dac38f]" started-at="2022-11-11T20:36:55 GMT-08:00" name="login" data-provider="login" finished-at="2022-11-11T20:37:00 GMT-08:00" duration-ms="5292" status="PASS">
          <params>
            <param index="0">
              <value>
                <![CDATA[admin]]>
              </value>
            </param>
            <param index="1">
              <value>
                <![CDATA[manager]]>
              </value>
            </param>
          </params>
          <reporter-output>
          </reporter-output>
        </test-method> <!-- login -->
        <test-method signature="minimizeFlyOutwindow()[pri:4, instance:com.sgtesting.testngscenario.CreateUserScenarioDemo@43dac38f]" started-at="2022-11-11T20:37:00 GMT-08:00" name="minimizeFlyOutwindow" finished-at="2022-11-11T20:37:02 GMT-08:00" duration-ms="2143" status="PASS">
          <reporter-output>
          </reporter-output>
        </test-method> <!-- minimizeFlyOutwindow -->
        <test-method signature="createUser(java.lang.String,java.lang.String,java.lang.String,java.lang.String,java.lang.String,java.lang.String,java.lang.String)[pri:5, instance:com.sgtesting.testngscenario.CreateUserScenarioDemo@43dac38f]" started-at="2022-11-11T20:37:02 GMT-08:00" name="createUser" data-provider="userdata" finished-at="2022-11-11T20:37:18 GMT-08:00" duration-ms="16093" status="PASS">
          <params>
            <param index="0">
              <value>
                <![CDATA[demo]]>
              </value>
            </param>
            <param index="1">
              <value>
                <![CDATA[A]]>
              </value>
            </param>
            <param index="2">
              <value>
                <![CDATA[User1]]>
              </value>
            </param>
            <param index="3">
              <value>
                <![CDATA[demo@gmail.com]]>
              </value>
            </param>
            <param index="4">
              <value>
                <![CDATA[demoUser1]]>
              </value>
            </param>
            <param index="5">
              <value>
                <![CDATA[Welcome123]]>
              </value>
            </param>
            <param index="6">
              <value>
                <![CDATA[Welcome123]]>
              </value>
            </param>
          </params>
          <reporter-output>
          </reporter-output>
        </test-method> <!-- createUser -->
        <test-method signature="deleteUser()[pri:6, instance:com.sgtesting.testngscenario.CreateUserScenarioDemo@43dac38f]" started-at="2022-11-11T20:37:18 GMT-08:00" name="deleteUser" finished-at="2022-11-11T20:37:25 GMT-08:00" duration-ms="7439" status="PASS">
          <reporter-output>
          </reporter-output>
        </test-method> <!-- deleteUser -->
        <test-method signature="logout()[pri:6, instance:com.sgtesting.testngscenario.CreateUserScenarioDemo@43dac38f]" started-at="2022-11-11T20:37:25 GMT-08:00" name="logout" finished-at="2022-11-11T20:37:28 GMT-08:00" duration-ms="2294" status="PASS">
          <reporter-output>
          </reporter-output>
        </test-method> <!-- logout -->
        <test-method signature="closeApp()[pri:7, instance:com.sgtesting.testngscenario.CreateUserScenarioDemo@43dac38f]" started-at="2022-11-11T20:37:28 GMT-08:00" name="closeApp" finished-at="2022-11-11T20:37:28 GMT-08:00" duration-ms="465" status="PASS">
          <reporter-output>
          </reporter-output>
        </test-method> <!-- closeApp -->
      </class> <!-- com.sgtesting.testngscenario.CreateUserScenarioDemo -->
      <class name="com.sgtesting.testngscenario.LoginLogoutDemo">
        <test-method signature="launchBrowser()[pri:1, instance:com.sgtesting.testngscenario.LoginLogoutDemo@c88a337]" started-at="2022-11-11T20:38:14 GMT-08:00" name="launchBrowser" finished-at="2022-11-11T20:38:18 GMT-08:00" duration-ms="3688" status="PASS">
          <reporter-output>
          </reporter-output>
        </test-method> <!-- launchBrowser -->
        <test-method signature="navigate()[pri:2, instance:com.sgtesting.testngscenario.LoginLogoutDemo@c88a337]" started-at="2022-11-11T20:38:18 GMT-08:00" name="navigate" finished-at="2022-11-11T20:38:27 GMT-08:00" duration-ms="9613" status="PASS">
          <reporter-output>
          </reporter-output>
        </test-method> <!-- navigate -->
        <test-method signature="login(java.lang.String,java.lang.String)[pri:3, instance:com.sgtesting.testngscenario.LoginLogoutDemo@c88a337]" started-at="2022-11-11T20:38:27 GMT-08:00" name="login" data-provider="login" finished-at="2022-11-11T20:38:33 GMT-08:00" duration-ms="5316" status="PASS">
          <params>
            <param index="0">
              <value>
                <![CDATA[admin]]>
              </value>
            </param>
            <param index="1">
              <value>
                <![CDATA[manager]]>
              </value>
            </param>
          </params>
          <reporter-output>
          </reporter-output>
        </test-method> <!-- login -->
        <test-method signature="minimizeFlyOutwindow()[pri:4, instance:com.sgtesting.testngscenario.LoginLogoutDemo@c88a337]" started-at="2022-11-11T20:38:33 GMT-08:00" name="minimizeFlyOutwindow" finished-at="2022-11-11T20:38:35 GMT-08:00" duration-ms="2108" status="PASS">
          <reporter-output>
          </reporter-output>
        </test-method> <!-- minimizeFlyOutwindow -->
        <test-method signature="logout()[pri:5, instance:com.sgtesting.testngscenario.LoginLogoutDemo@c88a337]" started-at="2022-11-11T20:38:35 GMT-08:00" name="logout" finished-at="2022-11-11T20:38:37 GMT-08:00" duration-ms="2329" status="PASS">
          <reporter-output>
          </reporter-output>
        </test-method> <!-- logout -->
        <test-method signature="closeApp()[pri:6, instance:com.sgtesting.testngscenario.LoginLogoutDemo@c88a337]" started-at="2022-11-11T20:38:37 GMT-08:00" name="closeApp" finished-at="2022-11-11T20:38:38 GMT-08:00" duration-ms="433" status="PASS">
          <reporter-output>
          </reporter-output>
        </test-method> <!-- closeApp -->
      </class> <!-- com.sgtesting.testngscenario.LoginLogoutDemo -->
      <class name="com.sgtesting.testngscenario.ModifyProject">
        <test-method signature="launchBrowser()[pri:1, instance:com.sgtesting.testngscenario.ModifyProject@5d0a1059]" started-at="2022-11-11T20:38:38 GMT-08:00" name="launchBrowser" finished-at="2022-11-11T20:38:40 GMT-08:00" duration-ms="2798" status="PASS">
          <reporter-output>
          </reporter-output>
        </test-method> <!-- launchBrowser -->
        <test-method signature="navigate()[pri:2, instance:com.sgtesting.testngscenario.ModifyProject@5d0a1059]" started-at="2022-11-11T20:38:40 GMT-08:00" name="navigate" finished-at="2022-11-11T20:38:50 GMT-08:00" duration-ms="9463" status="PASS">
          <reporter-output>
          </reporter-output>
        </test-method> <!-- navigate -->
        <test-method signature="login(java.lang.String,java.lang.String)[pri:3, instance:com.sgtesting.testngscenario.ModifyProject@5d0a1059]" started-at="2022-11-11T20:38:50 GMT-08:00" name="login" data-provider="login" finished-at="2022-11-11T20:38:56 GMT-08:00" duration-ms="6328" status="PASS">
          <params>
            <param index="0">
              <value>
                <![CDATA[admin]]>
              </value>
            </param>
            <param index="1">
              <value>
                <![CDATA[manager]]>
              </value>
            </param>
          </params>
          <reporter-output>
          </reporter-output>
        </test-method> <!-- login -->
        <test-method signature="minimizeFlyOutwindow()[pri:4, instance:com.sgtesting.testngscenario.ModifyProject@5d0a1059]" started-at="2022-11-11T20:38:56 GMT-08:00" name="minimizeFlyOutwindow" finished-at="2022-11-11T20:39:00 GMT-08:00" duration-ms="4117" status="PASS">
          <reporter-output>
          </reporter-output>
        </test-method> <!-- minimizeFlyOutwindow -->
        <test-method signature="createCustomer(java.lang.String,java.lang.String)[pri:5, instance:com.sgtesting.testngscenario.ModifyProject@5d0a1059]" started-at="2022-11-11T20:39:00 GMT-08:00" name="createCustomer" data-provider="createuser" finished-at="2022-11-11T20:39:07 GMT-08:00" duration-ms="6527" status="PASS">
          <params>
            <param index="0">
              <value>
                <![CDATA[Wonderla]]>
              </value>
            </param>
            <param index="1">
              <value>
                <![CDATA[Amusment park Ticketing Software]]>
              </value>
            </param>
          </params>
          <reporter-output>
          </reporter-output>
        </test-method> <!-- createCustomer -->
        <test-method signature="createProject(java.lang.String)[pri:6, instance:com.sgtesting.testngscenario.ModifyProject@5d0a1059]" started-at="2022-11-11T20:39:07 GMT-08:00" name="createProject" data-provider="projectData" finished-at="2022-11-11T20:39:17 GMT-08:00" duration-ms="10389" status="PASS">
          <params>
            <param index="0">
              <value>
                <![CDATA[DELL Automation]]>
              </value>
            </param>
          </params>
          <reporter-output>
          </reporter-output>
        </test-method> <!-- createProject -->
        <test-method signature="ModifyProject1()[pri:7, instance:com.sgtesting.testngscenario.ModifyProject@5d0a1059]" started-at="2022-11-11T20:39:17 GMT-08:00" name="ModifyProject1" finished-at="2022-11-11T20:39:24 GMT-08:00" duration-ms="6251" status="PASS">
          <reporter-output>
          </reporter-output>
        </test-method> <!-- ModifyProject1 -->
        <test-method signature="deleteProject()[pri:8, instance:com.sgtesting.testngscenario.ModifyProject@5d0a1059]" started-at="2022-11-11T20:39:24 GMT-08:00" name="deleteProject" finished-at="2022-11-11T20:39:32 GMT-08:00" duration-ms="8348" status="PASS">
          <reporter-output>
          </reporter-output>
        </test-method> <!-- deleteProject -->
        <test-method signature="deleteCustomer()[pri:9, instance:com.sgtesting.testngscenario.ModifyProject@5d0a1059]" started-at="2022-11-11T20:39:32 GMT-08:00" name="deleteCustomer" finished-at="2022-11-11T20:39:32 GMT-08:00" duration-ms="27" status="PASS">
          <reporter-output>
          </reporter-output>
        </test-method> <!-- deleteCustomer -->
        <test-method signature="logout()[pri:10, instance:com.sgtesting.testngscenario.ModifyProject@5d0a1059]" started-at="2022-11-11T20:39:32 GMT-08:00" name="logout" finished-at="2022-11-11T20:39:35 GMT-08:00" duration-ms="3233" status="PASS">
          <reporter-output>
          </reporter-output>
        </test-method> <!-- logout -->
        <test-method signature="closeApp()[pri:11, instance:com.sgtesting.testngscenario.ModifyProject@5d0a1059]" started-at="2022-11-11T20:39:35 GMT-08:00" name="closeApp" finished-at="2022-11-11T20:39:36 GMT-08:00" duration-ms="1084" status="PASS">
          <reporter-output>
          </reporter-output>
        </test-method> <!-- closeApp -->
      </class> <!-- com.sgtesting.testngscenario.ModifyProject -->
    </test> <!-- Test cases -->
  </suite> <!-- Actitime Scenarios -->
</testng-results>
