<?xml version="1.0" encoding="UTF-8"?>
<!-- Generated by org.testng.reporters.JUnitXMLReporter -->
<testsuite ignored="0" hostname="DESKTOP-2G1ARNP" failures="0" tests="73" name="Test cases" time="425.933" errors="0" timestamp="2022-11-10T23:52:56 GMT-08:00">
  <testcase classname="com.sgtesting.testngscenario.CreateCustomer" name="launchBrowser" time="9.758"/>
  <testcase classname="com.sgtesting.testngscenario.CreateCustomer" name="navigate" time="8.937"/>
  <testcase classname="com.sgtesting.testngscenario.CreateCustomer" name="login" time="5.406"/>
  <testcase classname="com.sgtesting.testngscenario.CreateCustomer" name="minimizeFlyOutwindow" time="4.62"/>
  <testcase classname="com.sgtesting.testngscenario.CreateCustomer" name="createCustomer" time="7.88"/>
  <testcase classname="com.sgtesting.testngscenario.CreateCustomer" name="deleteCustomer" time="5.441"/>
  <testcase classname="com.sgtesting.testngscenario.CreateCustomer" name="logout" time="3.6"/>
  <testcase classname="com.sgtesting.testngscenario.CreateCustomer" name="closeApp" time="0.848"/>
  <testcase classname="com.sgtesting.testngscenario.CreateProject" name="launchBrowser" time="7.337"/>
  <testcase classname="com.sgtesting.testngscenario.CreateProject" name="navigate" time="10.999"/>
  <testcase classname="com.sgtesting.testngscenario.CreateProject" name="login" time="5.443"/>
  <testcase classname="com.sgtesting.testngscenario.CreateProject" name="minimizeFlyOutwindow" time="4.182"/>
  <testcase classname="com.sgtesting.testngscenario.CreateProject" name="createCustomer" time="8.547"/>
  <testcase classname="com.sgtesting.testngscenario.CreateProject" name="createProject" time="10.453"/>
  <testcase classname="com.sgtesting.testngscenario.CreateProject" name="deleteProject" time="5.394"/>
  <testcase classname="com.sgtesting.testngscenario.CreateProject" name="deleteCustomer" time="0.038"/>
  <testcase classname="com.sgtesting.testngscenario.CreateProject" name="logout" time="2.461"/>
  <testcase classname="com.sgtesting.testngscenario.CreateProject" name="closeApp" time="0.68"/>
  <testcase classname="com.sgtesting.testngscenario.CreateTask" name="launchBrowser" time="4.799"/>
  <testcase classname="com.sgtesting.testngscenario.CreateTask" name="navigate" time="16.182"/>
  <testcase classname="com.sgtesting.testngscenario.CreateTask" name="login" time="6.503"/>
  <testcase classname="com.sgtesting.testngscenario.CreateTask" name="minimizeFlyOutwindow" time="4.462"/>
  <testcase classname="com.sgtesting.testngscenario.CreateTask" name="createCustomer" time="7.127"/>
  <testcase classname="com.sgtesting.testngscenario.CreateTask" name="createProject" time="10.469"/>
  <testcase classname="com.sgtesting.testngscenario.CreateTask" name="CreateTask" time="10.552"/>
  <testcase classname="com.sgtesting.testngscenario.CreateTask" name="DeleteTask" time="5.422"/>
  <testcase classname="com.sgtesting.testngscenario.CreateTask" name="deleteProject" time="8.402"/>
  <testcase classname="com.sgtesting.testngscenario.CreateTask" name="deleteCustomer" time="0.026"/>
  <testcase classname="com.sgtesting.testngscenario.CreateTask" name="logout" time="2.963"/>
  <testcase classname="com.sgtesting.testngscenario.CreateTask" name="closeApp" time="0.575"/>
  <testcase classname="com.sgtesting.testngscenario.CreateUserScenarioDemo" name="launchBrowser" time="4.357"/>
  <testcase classname="com.sgtesting.testngscenario.CreateUserScenarioDemo" name="navigate" time="9.44"/>
  <testcase classname="com.sgtesting.testngscenario.CreateUserScenarioDemo" name="login" time="5.473"/>
  <testcase classname="com.sgtesting.testngscenario.CreateUserScenarioDemo" name="minimizeFlyOutwindow" time="2.369"/>
  <testcase classname="com.sgtesting.testngscenario.CreateUserScenarioDemo" name="createUser" time="20.079"/>
  <testcase classname="com.sgtesting.testngscenario.CreateUserScenarioDemo" name="deleteUser" time="7.631"/>
  <testcase classname="com.sgtesting.testngscenario.CreateUserScenarioDemo" name="logout" time="2.6"/>
  <testcase classname="com.sgtesting.testngscenario.CreateUserScenarioDemo" name="closeApp" time="0.514"/>
  <testcase classname="com.sgtesting.testngscenario.CustomerModify" name="launchBrowser" time="5.801"/>
  <testcase classname="com.sgtesting.testngscenario.CustomerModify" name="navigate" time="14.926"/>
  <testcase classname="com.sgtesting.testngscenario.CustomerModify" name="login" time="6.345"/>
  <testcase classname="com.sgtesting.testngscenario.CustomerModify" name="minimizeFlyOutwindow" time="4.242"/>
  <testcase classname="com.sgtesting.testngscenario.CustomerModify" name="createCustomer" time="7.495"/>
  <testcase classname="com.sgtesting.testngscenario.CustomerModify" name="modifyCustomer" time="2.209"/>
  <testcase classname="com.sgtesting.testngscenario.CustomerModify" name="deleteCustomer" time="5.399"/>
  <testcase classname="com.sgtesting.testngscenario.CustomerModify" name="logout" time="2.81"/>
  <testcase classname="com.sgtesting.testngscenario.CustomerModify" name="closeApp" time="0.625"/>
  <testcase classname="com.sgtesting.testngscenario.LoginLogoutDemo" name="launchBrowser" time="6.961"/>
  <testcase classname="com.sgtesting.testngscenario.LoginLogoutDemo" name="navigate" time="10.888"/>
  <testcase classname="com.sgtesting.testngscenario.LoginLogoutDemo" name="login" time="5.636"/>
  <testcase classname="com.sgtesting.testngscenario.LoginLogoutDemo" name="minimizeFlyOutwindow" time="2.318"/>
  <testcase classname="com.sgtesting.testngscenario.LoginLogoutDemo" name="logout" time="2.384"/>
  <testcase classname="com.sgtesting.testngscenario.LoginLogoutDemo" name="closeApp" time="0.501"/>
  <testcase classname="com.sgtesting.testngscenario.ModifyProject" name="launchBrowser" time="2.825"/>
  <testcase classname="com.sgtesting.testngscenario.ModifyProject" name="navigate" time="14.045"/>
  <testcase classname="com.sgtesting.testngscenario.ModifyProject" name="login" time="6.58"/>
  <testcase classname="com.sgtesting.testngscenario.ModifyProject" name="minimizeFlyOutwindow" time="4.281"/>
  <testcase classname="com.sgtesting.testngscenario.ModifyProject" name="createCustomer" time="8.653"/>
  <testcase classname="com.sgtesting.testngscenario.ModifyProject" name="createProject" time="10.526"/>
  <testcase classname="com.sgtesting.testngscenario.ModifyProject" name="ModifyProject" time="3.467"/>
  <testcase classname="com.sgtesting.testngscenario.ModifyProject" name="deleteProject" time="5.387"/>
  <testcase classname="com.sgtesting.testngscenario.ModifyProject" name="deleteCustomer" time="0.025"/>
  <testcase classname="com.sgtesting.testngscenario.ModifyProject" name="logout" time="2.555"/>
  <testcase classname="com.sgtesting.testngscenario.ModifyProject" name="closeApp" time="0.499"/>
  <testcase classname="com.sgtesting.testngscenario.ModifyUserScenario" name="launchBrowser" time="4.884"/>
  <testcase classname="com.sgtesting.testngscenario.ModifyUserScenario" name="navigate" time="10.395"/>
  <testcase classname="com.sgtesting.testngscenario.ModifyUserScenario" name="login" time="5.334"/>
  <testcase classname="com.sgtesting.testngscenario.ModifyUserScenario" name="minimizeFlyOutwindow" time="0.413"/>
  <testcase classname="com.sgtesting.testngscenario.ModifyUserScenario" name="createUser" time="18.211"/>
  <testcase classname="com.sgtesting.testngscenario.ModifyUserScenario" name="modifyUser" time="7.566"/>
  <testcase classname="com.sgtesting.testngscenario.ModifyUserScenario" name="deleteUser" time="6.621"/>
  <testcase classname="com.sgtesting.testngscenario.ModifyUserScenario" name="logout" time="2.408"/>
  <testcase classname="com.sgtesting.testngscenario.ModifyUserScenario" name="closeApp" time="0.453"/>
</testsuite> <!-- Test cases -->
