<?xml version="1.0" encoding="UTF-8"?>
<!-- Generated by org.testng.reporters.JUnitXMLReporter -->
<testsuite ignored="0" hostname="DESKTOP-2G1ARNP" failures="0" tests="109" name="Test cases" time="604.744" errors="0" timestamp="2022-11-11T20:43:59 GMT-08:00">
  <testcase classname="com.sgtesting.testngscenario.CreateCustomer" name="launchBrowser" time="8.36"/>
  <testcase classname="com.sgtesting.testngscenario.CreateCustomer" name="navigate" time="8.645"/>
  <testcase classname="com.sgtesting.testngscenario.CreateCustomer" name="login" time="5.322"/>
  <testcase classname="com.sgtesting.testngscenario.CreateCustomer" name="minimizeFlyOutwindow" time="4.104"/>
  <testcase classname="com.sgtesting.testngscenario.CreateCustomer" name="createCustomer" time="6.282"/>
  <testcase classname="com.sgtesting.testngscenario.CreateCustomer" name="deleteCustomer" time="6.357"/>
  <testcase classname="com.sgtesting.testngscenario.CreateCustomer" name="logout" time="3.088"/>
  <testcase classname="com.sgtesting.testngscenario.CreateCustomer" name="closeApp" time="0.434"/>
  <testcase classname="com.sgtesting.testngscenario.CreateProject" name="launchBrowser" time="3.208"/>
  <testcase classname="com.sgtesting.testngscenario.CreateProject" name="navigate" time="9.216"/>
  <testcase classname="com.sgtesting.testngscenario.CreateProject" name="login" time="5.316"/>
  <testcase classname="com.sgtesting.testngscenario.CreateProject" name="minimizeFlyOutwindow" time="4.118"/>
  <testcase classname="com.sgtesting.testngscenario.CreateProject" name="createCustomer" time="7.116"/>
  <testcase classname="com.sgtesting.testngscenario.CreateProject" name="createProject" time="10.398"/>
  <testcase classname="com.sgtesting.testngscenario.CreateProject" name="deleteProject" time="8.398"/>
  <testcase classname="com.sgtesting.testngscenario.CreateProject" name="deleteCustomer" time="0.08"/>
  <testcase classname="com.sgtesting.testngscenario.CreateProject" name="logout" time="2.608"/>
  <testcase classname="com.sgtesting.testngscenario.CreateProject" name="closeApp" time="0.31"/>
  <testcase classname="com.sgtesting.testngscenario.CreateTask" name="launchBrowser" time="3.568"/>
  <testcase classname="com.sgtesting.testngscenario.CreateTask" name="navigate" time="13.328"/>
  <testcase classname="com.sgtesting.testngscenario.CreateTask" name="login" time="5.303"/>
  <testcase classname="com.sgtesting.testngscenario.CreateTask" name="minimizeFlyOutwindow" time="4.094"/>
  <testcase classname="com.sgtesting.testngscenario.CreateTask" name="createCustomer" time="6.52"/>
  <testcase classname="com.sgtesting.testngscenario.CreateTask" name="createProject" time="10.407"/>
  <testcase classname="com.sgtesting.testngscenario.CreateTask" name="CreateTask" time="10.406"/>
  <testcase classname="com.sgtesting.testngscenario.CreateTask" name="DeleteTask" time="8.347"/>
  <testcase classname="com.sgtesting.testngscenario.CreateTask" name="deleteProject" time="8.324"/>
  <testcase classname="com.sgtesting.testngscenario.CreateTask" name="deleteCustomer" time="0.026"/>
  <testcase classname="com.sgtesting.testngscenario.CreateTask" name="logout" time="2.28"/>
  <testcase classname="com.sgtesting.testngscenario.CreateTask" name="closeApp" time="0.373"/>
  <testcase classname="com.sgtesting.testngscenario.CreateUserScenarioDemo" name="launchBrowser" time="3.298"/>
  <testcase classname="com.sgtesting.testngscenario.CreateUserScenarioDemo" name="navigate" time="10.317"/>
  <testcase classname="com.sgtesting.testngscenario.CreateUserScenarioDemo" name="login" time="5.292"/>
  <testcase classname="com.sgtesting.testngscenario.CreateUserScenarioDemo" name="minimizeFlyOutwindow" time="2.143"/>
  <testcase classname="com.sgtesting.testngscenario.CreateUserScenarioDemo" name="createUser" time="16.093"/>
  <testcase classname="com.sgtesting.testngscenario.CreateUserScenarioDemo" name="deleteUser" time="7.439"/>
  <testcase classname="com.sgtesting.testngscenario.CreateUserScenarioDemo" name="logout" time="2.294"/>
  <testcase classname="com.sgtesting.testngscenario.CreateUserScenarioDemo" name="closeApp" time="0.465"/>
  <testcase classname="com.sgtesting.testngscenario.CustomerModify" name="launchBrowser" time="3.43"/>
  <testcase classname="com.sgtesting.testngscenario.CustomerModify" name="navigate" time="11.633"/>
  <testcase classname="com.sgtesting.testngscenario.CustomerModify" name="login" time="5.892"/>
  <testcase classname="com.sgtesting.testngscenario.CustomerModify" name="minimizeFlyOutwindow" time="4.106"/>
  <testcase classname="com.sgtesting.testngscenario.CustomerModify" name="createCustomer" time="6.42"/>
  <testcase classname="com.sgtesting.testngscenario.CustomerModify" name="modifyCustomer" time="2.125"/>
  <testcase classname="com.sgtesting.testngscenario.CustomerModify" name="deleteCustomer" time="6.409"/>
  <testcase classname="com.sgtesting.testngscenario.CustomerModify" name="logout" time="5.55"/>
  <testcase classname="com.sgtesting.testngscenario.CustomerModify" name="closeApp" time="0.344"/>
  <testcase classname="com.sgtesting.testngscenario.LoginLogoutDemo" name="launchBrowser" time="3.688"/>
  <testcase classname="com.sgtesting.testngscenario.LoginLogoutDemo" name="navigate" time="9.613"/>
  <testcase classname="com.sgtesting.testngscenario.LoginLogoutDemo" name="login" time="5.316"/>
  <testcase classname="com.sgtesting.testngscenario.LoginLogoutDemo" name="minimizeFlyOutwindow" time="2.108"/>
  <testcase classname="com.sgtesting.testngscenario.LoginLogoutDemo" name="logout" time="2.329"/>
  <testcase classname="com.sgtesting.testngscenario.LoginLogoutDemo" name="closeApp" time="0.433"/>
  <testcase classname="com.sgtesting.testngscenario.ModifyProject" name="launchBrowser" time="2.798"/>
  <testcase classname="com.sgtesting.testngscenario.ModifyProject" name="navigate" time="9.463"/>
  <testcase classname="com.sgtesting.testngscenario.ModifyProject" name="login" time="6.328"/>
  <testcase classname="com.sgtesting.testngscenario.ModifyProject" name="minimizeFlyOutwindow" time="4.117"/>
  <testcase classname="com.sgtesting.testngscenario.ModifyProject" name="createCustomer" time="6.527"/>
  <testcase classname="com.sgtesting.testngscenario.ModifyProject" name="createProject" time="10.389"/>
  <testcase classname="com.sgtesting.testngscenario.ModifyProject" name="ModifyProject1" time="6.251"/>
  <testcase classname="com.sgtesting.testngscenario.ModifyProject" name="deleteProject" time="8.348"/>
  <testcase classname="com.sgtesting.testngscenario.ModifyProject" name="deleteCustomer" time="0.027"/>
  <testcase classname="com.sgtesting.testngscenario.ModifyProject" name="logout" time="3.233"/>
  <testcase classname="com.sgtesting.testngscenario.ModifyProject" name="closeApp" time="1.084"/>
  <testcase classname="com.sgtesting.testngscenario.ModifyUserScenario" name="launchBrowser" time="3.833"/>
  <testcase classname="com.sgtesting.testngscenario.ModifyUserScenario" name="navigate" time="6.998"/>
  <testcase classname="com.sgtesting.testngscenario.ModifyUserScenario" name="login" time="5.306"/>
  <testcase classname="com.sgtesting.testngscenario.ModifyUserScenario" name="minimizeFlyOutwindow" time="0.266"/>
  <testcase classname="com.sgtesting.testngscenario.ModifyUserScenario" name="createUser" time="16.621"/>
  <testcase classname="com.sgtesting.testngscenario.ModifyUserScenario" name="modifyUser" time="7.606"/>
  <testcase classname="com.sgtesting.testngscenario.ModifyUserScenario" name="deleteUser" time="6.227"/>
  <testcase classname="com.sgtesting.testngscenario.ModifyUserScenario" name="logout" time="2.693"/>
  <testcase classname="com.sgtesting.testngscenario.ModifyUserScenario" name="closeApp" time="1.401"/>
  <testcase classname="com.sgtesting.testngscenario.CreateMultipleUser" name="launchBrowser" time="5.606"/>
  <testcase classname="com.sgtesting.testngscenario.CreateMultipleUser" name="navigate" time="8.945"/>
  <testcase classname="com.sgtesting.testngscenario.CreateMultipleUser" name="login" time="5.301"/>
  <testcase classname="com.sgtesting.testngscenario.CreateMultipleUser" name="minimizeFlyOutwindow" time="2.142"/>
  <testcase classname="com.sgtesting.testngscenario.CreateMultipleUser" name="User1" time="17.723"/>
  <testcase classname="com.sgtesting.testngscenario.CreateMultipleUser" name="User2" time="12.741"/>
  <testcase classname="com.sgtesting.testngscenario.CreateMultipleUser" name="User3" time="12.751"/>
  <testcase classname="com.sgtesting.testngscenario.CreateMultipleUser" name="Logout" time="2.381"/>
  <testcase classname="com.sgtesting.testngscenario.CreateMultipleUser" name="LoginUser1" time="2.349"/>
  <testcase classname="com.sgtesting.testngscenario.CreateMultipleUser" name="Logoutuser1" time="3.319"/>
  <testcase classname="com.sgtesting.testngscenario.CreateMultipleUser" name="LoginUser2" time="2.354"/>
  <testcase classname="com.sgtesting.testngscenario.CreateMultipleUser" name="Logoutuser2" time="3.195"/>
  <testcase classname="com.sgtesting.testngscenario.CreateMultipleUser" name="LoginUser3" time="3.098"/>
  <testcase classname="com.sgtesting.testngscenario.CreateMultipleUser" name="Logoutuser3" time="3.211"/>
  <testcase classname="com.sgtesting.testngscenario.CreateMultipleUser" name="SecontimeLoginUser1" time="2.248"/>
  <testcase classname="com.sgtesting.testngscenario.CreateMultipleUser" name="Modifyuser1" time="11.276"/>
  <testcase classname="com.sgtesting.testngscenario.CreateMultipleUser" name="SecondtimeLogoutuser1" time="2.607"/>
  <testcase classname="com.sgtesting.testngscenario.CreateMultipleUser" name="SecondtimeLoginUser2" time="2.213"/>
  <testcase classname="com.sgtesting.testngscenario.CreateMultipleUser" name="Modifyuser2" time="10.892"/>
  <testcase classname="com.sgtesting.testngscenario.CreateMultipleUser" name="SecondtimeLogoutuser2" time="2.279"/>
  <testcase classname="com.sgtesting.testngscenario.CreateMultipleUser" name="SecondtimeLoginUser3" time="2.217"/>
  <testcase classname="com.sgtesting.testngscenario.CreateMultipleUser" name="Modifyuser3" time="11.161"/>
  <testcase classname="com.sgtesting.testngscenario.CreateMultipleUser" name="SecondtimeLogoutuser3" time="2.268"/>
  <testcase classname="com.sgtesting.testngscenario.CreateMultipleUser" name="SecondtimeadminLogin" time="2.235"/>
  <testcase classname="com.sgtesting.testngscenario.CreateMultipleUser" name="AdminModifyuser1" time="31.812"/>
  <testcase classname="com.sgtesting.testngscenario.CreateMultipleUser" name="SecondtimeAdminlogout" time="2.314"/>
  <testcase classname="com.sgtesting.testngscenario.CreateMultipleUser" name="ThirdtimeLoginUser1" time="2.229"/>
  <testcase classname="com.sgtesting.testngscenario.CreateMultipleUser" name="Thirdtimeuser1logout" time="2.25"/>
  <testcase classname="com.sgtesting.testngscenario.CreateMultipleUser" name="ThirdtimeLoginUser2" time="2.222"/>
  <testcase classname="com.sgtesting.testngscenario.CreateMultipleUser" name="Thirdtimeuser2logout" time="2.26"/>
  <testcase classname="com.sgtesting.testngscenario.CreateMultipleUser" name="ThirdtimeLoginUser3" time="2.221"/>
  <testcase classname="com.sgtesting.testngscenario.CreateMultipleUser" name="Thirdtimeuser3logout" time="2.252"/>
  <testcase classname="com.sgtesting.testngscenario.CreateMultipleUser" name="thirdtimeadminLogin" time="2.213"/>
  <testcase classname="com.sgtesting.testngscenario.CreateMultipleUser" name="DeleteUesers" time="21.709"/>
  <testcase classname="com.sgtesting.testngscenario.CreateMultipleUser" name="ThirdtimeAdminlogout" time="2.443"/>
  <testcase classname="com.sgtesting.testngscenario.CreateMultipleUser" name="CloseBrowser" time="3.424"/>
</testsuite> <!-- Test cases -->
