<?xml version="1.0" encoding="UTF-8"?>
<testng-results ignored="0" total="2" passed="2" failed="0" skipped="0">
  <reporter-output>
  </reporter-output>
  <suite started-at="2022-11-09T22:09:05 GMT-08:00" name="Default suite" finished-at="2022-11-09T22:09:05 GMT-08:00" duration-ms="165">
    <groups>
    </groups>
    <test started-at="2022-11-09T22:09:05 GMT-08:00" name="Default test" finished-at="2022-11-09T22:09:05 GMT-08:00" duration-ms="165">
      <class name="com.sgtesting.hardassertion.AssertEqualsDemo">
        <test-method signature="assertEqualsDemo()[pri:0, instance:com.sgtesting.hardassertion.AssertEqualsDemo@61d6015a]" started-at="2022-11-09T22:09:05 GMT-08:00" name="assertEqualsDemo" finished-at="2022-11-09T22:09:05 GMT-08:00" duration-ms="22" status="PASS">
          <reporter-output>
          </reporter-output>
        </test-method> <!-- assertEqualsDemo -->
        <test-method signature="assertNotEqualsDemo()[pri:0, instance:com.sgtesting.hardassertion.AssertEqualsDemo@61d6015a]" started-at="2022-11-09T22:09:05 GMT-08:00" name="assertNotEqualsDemo" finished-at="2022-11-09T22:09:05 GMT-08:00" duration-ms="4" status="PASS">
          <reporter-output>
          </reporter-output>
        </test-method> <!-- assertNotEqualsDemo -->
      </class> <!-- com.sgtesting.hardassertion.AssertEqualsDemo -->
    </test> <!-- Default test -->
  </suite> <!-- Default suite -->
</testng-results>
