<?xml version="1.0" encoding="UTF-8"?>
<!-- Generated by org.testng.reporters.JUnitXMLReporter -->
<testsuite ignored="0" hostname="DESKTOP-2G1ARNP" failures="0" tests="36" name="Default test" time="208.872" errors="0" timestamp="2022-11-11T20:33:18 GMT-08:00">
  <testcase classname="com.sgtesting.testngscenario.CreateMultipleUser" name="launchBrowser" time="3.755"/>
  <testcase classname="com.sgtesting.testngscenario.CreateMultipleUser" name="navigate" time="9.223"/>
  <testcase classname="com.sgtesting.testngscenario.CreateMultipleUser" name="login" time="5.322"/>
  <testcase classname="com.sgtesting.testngscenario.CreateMultipleUser" name="minimizeFlyOutwindow" time="2.166"/>
  <testcase classname="com.sgtesting.testngscenario.CreateMultipleUser" name="User1" time="16.189"/>
  <testcase classname="com.sgtesting.testngscenario.CreateMultipleUser" name="User2" time="12.756"/>
  <testcase classname="com.sgtesting.testngscenario.CreateMultipleUser" name="User3" time="12.736"/>
  <testcase classname="com.sgtesting.testngscenario.CreateMultipleUser" name="Logout" time="2.35"/>
  <testcase classname="com.sgtesting.testngscenario.CreateMultipleUser" name="LoginUser1" time="2.337"/>
  <testcase classname="com.sgtesting.testngscenario.CreateMultipleUser" name="Logoutuser1" time="3.52"/>
  <testcase classname="com.sgtesting.testngscenario.CreateMultipleUser" name="LoginUser2" time="2.341"/>
  <testcase classname="com.sgtesting.testngscenario.CreateMultipleUser" name="Logoutuser2" time="3.43"/>
  <testcase classname="com.sgtesting.testngscenario.CreateMultipleUser" name="LoginUser3" time="2.321"/>
  <testcase classname="com.sgtesting.testngscenario.CreateMultipleUser" name="Logoutuser3" time="3.216"/>
  <testcase classname="com.sgtesting.testngscenario.CreateMultipleUser" name="SecontimeLoginUser1" time="2.255"/>
  <testcase classname="com.sgtesting.testngscenario.CreateMultipleUser" name="Modifyuser1" time="10.932"/>
  <testcase classname="com.sgtesting.testngscenario.CreateMultipleUser" name="SecondtimeLogoutuser1" time="2.997"/>
  <testcase classname="com.sgtesting.testngscenario.CreateMultipleUser" name="SecondtimeLoginUser2" time="2.222"/>
  <testcase classname="com.sgtesting.testngscenario.CreateMultipleUser" name="Modifyuser2" time="10.84"/>
  <testcase classname="com.sgtesting.testngscenario.CreateMultipleUser" name="SecondtimeLogoutuser2" time="2.277"/>
  <testcase classname="com.sgtesting.testngscenario.CreateMultipleUser" name="SecondtimeLoginUser3" time="2.244"/>
  <testcase classname="com.sgtesting.testngscenario.CreateMultipleUser" name="Modifyuser3" time="10.881"/>
  <testcase classname="com.sgtesting.testngscenario.CreateMultipleUser" name="SecondtimeLogoutuser3" time="2.277"/>
  <testcase classname="com.sgtesting.testngscenario.CreateMultipleUser" name="SecondtimeadminLogin" time="2.223"/>
  <testcase classname="com.sgtesting.testngscenario.CreateMultipleUser" name="AdminModifyuser1" time="31.859"/>
  <testcase classname="com.sgtesting.testngscenario.CreateMultipleUser" name="SecondtimeAdminlogout" time="2.287"/>
  <testcase classname="com.sgtesting.testngscenario.CreateMultipleUser" name="ThirdtimeLoginUser1" time="2.242"/>
  <testcase classname="com.sgtesting.testngscenario.CreateMultipleUser" name="Thirdtimeuser1logout" time="2.245"/>
  <testcase classname="com.sgtesting.testngscenario.CreateMultipleUser" name="ThirdtimeLoginUser2" time="2.211"/>
  <testcase classname="com.sgtesting.testngscenario.CreateMultipleUser" name="Thirdtimeuser2logout" time="2.266"/>
  <testcase classname="com.sgtesting.testngscenario.CreateMultipleUser" name="ThirdtimeLoginUser3" time="2.22"/>
  <testcase classname="com.sgtesting.testngscenario.CreateMultipleUser" name="Thirdtimeuser3logout" time="2.234"/>
  <testcase classname="com.sgtesting.testngscenario.CreateMultipleUser" name="thirdtimeadminLogin" time="2.223"/>
  <testcase classname="com.sgtesting.testngscenario.CreateMultipleUser" name="DeleteUesers" time="21.696"/>
  <testcase classname="com.sgtesting.testngscenario.CreateMultipleUser" name="ThirdtimeAdminlogout" time="2.551"/>
  <testcase classname="com.sgtesting.testngscenario.CreateMultipleUser" name="CloseBrowser" time="3.875"/>
</testsuite> <!-- Default test -->
