<?xml version="1.0" encoding="UTF-8"?>
<!-- Generated by org.testng.reporters.JUnitXMLReporter -->
<testsuite ignored="0" hostname="DESKTOP-2G1ARNP" failures="0" tests="2" name="Default test" time="0.165" errors="0" timestamp="2022-11-09T22:09:06 GMT-08:00">
  <testcase classname="com.sgtesting.hardassertion.AssertEqualsDemo" name="assertEqualsDemo" time="0.022"/>
  <testcase classname="com.sgtesting.hardassertion.AssertEqualsDemo" name="assertNotEqualsDemo" time="0.004"/>
</testsuite> <!-- Default test -->
