<?xml version="1.0" encoding="UTF-8"?>
<!-- Generated by org.testng.reporters.JUnitXMLReporter -->
<testsuite ignored="0" hostname="DESKTOP-2G1ARNP" failures="0" tests="2" name="Default test" time="0.083" errors="0" timestamp="2022-11-09T12:30:00 GMT-08:00">
  <testcase classname="com.sgtesting.softassertion.AssertSameDemo" name="assertNotSameDemo" time="0.017"/>
  <testcase classname="com.sgtesting.softassertion.AssertSameDemo" name="assertSameDemo" time="0.003"/>
</testsuite> <!-- Default test -->
