<?xml version="1.0" encoding="UTF-8"?>
<!-- Generated by org.testng.reporters.JUnitXMLReporter -->
<testsuite ignored="0" hostname="DESKTOP-2G1ARNP" failures="0" tests="6" name="Test cases" time="0.123" errors="0" timestamp="2022-11-09T12:42:01 GMT-08:00">
  <testcase classname="com.sgtesting.users.Users" name="createUser" time="0.009"/>
  <testcase classname="com.sgtesting.users.Users" name="deleteUser" time="0.004"/>
  <testcase classname="com.sgtesting.users.Users" name="modifyUser" time="0.003"/>
  <testcase classname="com.sgtesting.products.Products" name="createProduct" time="0.004"/>
  <testcase classname="com.sgtesting.products.Products" name="deleteProduct" time="0.003"/>
  <testcase classname="com.sgtesting.products.Products" name="modifyProduct" time="0.003"/>
</testsuite> <!-- Test cases -->
