<?xml version="1.0" encoding="UTF-8"?>
<!-- Generated by org.testng.reporters.JUnitXMLReporter -->
<testsuite ignored="0" hostname="DESKTOP-2G1ARNP" failures="0" tests="12" name="ActiTime3" time="85.023" errors="0" timestamp="2022-11-12T12:57:53 GMT-08:00">
  <testcase classname="com.sgtesting.Testcases.CreateTask" name="launchBrowser" time="13.137"/>
  <testcase classname="com.sgtesting.Testcases.CreateTask" name="navigate" time="9.742"/>
  <testcase classname="com.sgtesting.Testcases.CreateTask" name="login" time="5.33"/>
  <testcase classname="com.sgtesting.Testcases.CreateTask" name="minimizeFlyOutwindow" time="4.454"/>
  <testcase classname="com.sgtesting.Testcases.CreateTask" name="createCustomer" time="8.795"/>
  <testcase classname="com.sgtesting.Testcases.CreateTask" name="createProject" time="11.082"/>
  <testcase classname="com.sgtesting.Testcases.CreateTask" name="CreateTask" time="10.642"/>
  <testcase classname="com.sgtesting.Testcases.CreateTask" name="DeleteTask" time="8.415"/>
  <testcase classname="com.sgtesting.Testcases.CreateTask" name="deleteProject" time="8.509"/>
  <testcase classname="com.sgtesting.Testcases.CreateTask" name="deleteCustomer" time="0.032"/>
  <testcase classname="com.sgtesting.Testcases.CreateTask" name="logout" time="2.696"/>
  <testcase classname="com.sgtesting.Testcases.CreateTask" name="closeApp" time="2.152"/>
</testsuite> <!-- ActiTime3 -->
