<?xml version="1.0" encoding="UTF-8"?>
<!-- Generated by org.testng.reporters.JUnitXMLReporter -->
<testsuite ignored="0" hostname="DESKTOP-2G1ARNP" failures="0" tests="36" name="ActiTime9" time="114.025" errors="0" timestamp="2022-11-12T13:03:52 GMT-08:00">
  <testcase classname="com.sgtesting.Testcases.CreateMultipleUser" name="launchBrowser" time="3.165"/>
  <testcase classname="com.sgtesting.Testcases.CreateMultipleUser" name="navigate" time="9.5"/>
  <testcase classname="com.sgtesting.Testcases.CreateMultipleUser" name="login" time="5.343"/>
  <testcase classname="com.sgtesting.Testcases.CreateMultipleUser" name="minimizeFlyOutwindow" time="2.188"/>
  <testcase classname="com.sgtesting.Testcases.CreateMultipleUser" name="User1" time="16.445"/>
  <testcase classname="com.sgtesting.Testcases.CreateMultipleUser" name="User2" time="12.861"/>
  <testcase classname="com.sgtesting.Testcases.CreateMultipleUser" name="User3" time="12.738"/>
  <testcase classname="com.sgtesting.Testcases.CreateMultipleUser" name="Logout" time="4.583"/>
  <testcase classname="com.sgtesting.Testcases.CreateMultipleUser" name="LoginUser1" time="4.932"/>
  <testcase classname="com.sgtesting.Testcases.CreateMultipleUser" name="Logoutuser1" time="1.117"/>
  <testcase classname="com.sgtesting.Testcases.CreateMultipleUser" name="LoginUser2" time="0.021"/>
  <testcase classname="com.sgtesting.Testcases.CreateMultipleUser" name="Logoutuser2" time="1.102"/>
  <testcase classname="com.sgtesting.Testcases.CreateMultipleUser" name="LoginUser3" time="0.034"/>
  <testcase classname="com.sgtesting.Testcases.CreateMultipleUser" name="Logoutuser3" time="2.761"/>
  <testcase classname="com.sgtesting.Testcases.CreateMultipleUser" name="SecontimeLoginUser1" time="2.314"/>
  <testcase classname="com.sgtesting.Testcases.CreateMultipleUser" name="Modifyuser1" time="11.482"/>
  <testcase classname="com.sgtesting.Testcases.CreateMultipleUser" name="SecondtimeLogoutuser1" time="2.883"/>
  <testcase classname="com.sgtesting.Testcases.CreateMultipleUser" name="SecondtimeLoginUser2" time="2.276"/>
  <testcase classname="com.sgtesting.Testcases.CreateMultipleUser" name="Modifyuser2" time="1.911"/>
  <testcase classname="com.sgtesting.Testcases.CreateMultipleUser" name="SecondtimeLogoutuser2" time="1.169"/>
  <testcase classname="com.sgtesting.Testcases.CreateMultipleUser" name="SecondtimeLoginUser3" time="0.025"/>
  <testcase classname="com.sgtesting.Testcases.CreateMultipleUser" name="Modifyuser3" time="1.132"/>
  <testcase classname="com.sgtesting.Testcases.CreateMultipleUser" name="SecondtimeLogoutuser3" time="1.08"/>
  <testcase classname="com.sgtesting.Testcases.CreateMultipleUser" name="SecondtimeadminLogin" time="0.022"/>
  <testcase classname="com.sgtesting.Testcases.CreateMultipleUser" name="AdminModifyuser1" time="1.122"/>
  <testcase classname="com.sgtesting.Testcases.CreateMultipleUser" name="SecondtimeAdminlogout" time="1.09"/>
  <testcase classname="com.sgtesting.Testcases.CreateMultipleUser" name="ThirdtimeLoginUser1" time="0.017"/>
  <testcase classname="com.sgtesting.Testcases.CreateMultipleUser" name="Thirdtimeuser1logout" time="1.146"/>
  <testcase classname="com.sgtesting.Testcases.CreateMultipleUser" name="ThirdtimeLoginUser2" time="0.038"/>
  <testcase classname="com.sgtesting.Testcases.CreateMultipleUser" name="Thirdtimeuser2logout" time="1.121"/>
  <testcase classname="com.sgtesting.Testcases.CreateMultipleUser" name="ThirdtimeLoginUser3" time="0.02"/>
  <testcase classname="com.sgtesting.Testcases.CreateMultipleUser" name="Thirdtimeuser3logout" time="1.062"/>
  <testcase classname="com.sgtesting.Testcases.CreateMultipleUser" name="thirdtimeadminLogin" time="0.019"/>
  <testcase classname="com.sgtesting.Testcases.CreateMultipleUser" name="DeleteUesers" time="1.124"/>
  <testcase classname="com.sgtesting.Testcases.CreateMultipleUser" name="ThirdtimeAdminlogout" time="1.129"/>
  <testcase classname="com.sgtesting.Testcases.CreateMultipleUser" name="CloseBrowser" time="4.959"/>
</testsuite> <!-- ActiTime9 -->
