<?xml version="1.0" encoding="UTF-8"?>
<!-- Generated by org.testng.reporters.JUnitXMLReporter -->
<testsuite ignored="0" hostname="DESKTOP-2G1ARNP" failures="0" tests="10" name="ActiTime2" time="59.804" errors="0" timestamp="2022-11-12T12:56:28 GMT-08:00">
  <testcase classname="com.sgtesting.Testcases.CreateProject" name="launchBrowser" time="5.411"/>
  <testcase classname="com.sgtesting.Testcases.CreateProject" name="navigate" time="11.636"/>
  <testcase classname="com.sgtesting.Testcases.CreateProject" name="login" time="5.399"/>
  <testcase classname="com.sgtesting.Testcases.CreateProject" name="minimizeFlyOutwindow" time="4.16"/>
  <testcase classname="com.sgtesting.Testcases.CreateProject" name="createCustomer" time="6.434"/>
  <testcase classname="com.sgtesting.Testcases.CreateProject" name="createProject" time="10.564"/>
  <testcase classname="com.sgtesting.Testcases.CreateProject" name="deleteProject" time="8.485"/>
  <testcase classname="com.sgtesting.Testcases.CreateProject" name="deleteCustomer" time="0.361"/>
  <testcase classname="com.sgtesting.Testcases.CreateProject" name="logout" time="3.614"/>
  <testcase classname="com.sgtesting.Testcases.CreateProject" name="closeApp" time="3.689"/>
</testsuite> <!-- ActiTime2 -->
