<?xml version="1.0" encoding="UTF-8"?>
<!-- Generated by org.testng.reporters.JUnitXMLReporter -->
<testsuite ignored="0" hostname="DESKTOP-2G1ARNP" failures="0" tests="9" name="ActiTime8" time="55.262" errors="0" timestamp="2022-11-12T13:01:58 GMT-08:00">
  <testcase classname="com.sgtesting.Testcases.ModifyUserScenario" name="launchBrowser" time="2.371"/>
  <testcase classname="com.sgtesting.Testcases.ModifyUserScenario" name="navigate" time="8.633"/>
  <testcase classname="com.sgtesting.Testcases.ModifyUserScenario" name="login" time="5.323"/>
  <testcase classname="com.sgtesting.Testcases.ModifyUserScenario" name="minimizeFlyOutwindow" time="0.101"/>
  <testcase classname="com.sgtesting.Testcases.ModifyUserScenario" name="createUser" time="19.033"/>
  <testcase classname="com.sgtesting.Testcases.ModifyUserScenario" name="modifyUser" time="7.605"/>
  <testcase classname="com.sgtesting.Testcases.ModifyUserScenario" name="deleteUser" time="8.305"/>
  <testcase classname="com.sgtesting.Testcases.ModifyUserScenario" name="logout" time="2.519"/>
  <testcase classname="com.sgtesting.Testcases.ModifyUserScenario" name="closeApp" time="1.352"/>
</testsuite> <!-- ActiTime8 -->
