<?xml version="1.0" encoding="UTF-8"?>
<!-- Generated by org.testng.reporters.JUnitXMLReporter -->
<testsuite ignored="0" hostname="DESKTOP-2G1ARNP" failures="0" tests="9" name="ActiTime5" time="44.179" errors="0" timestamp="2022-11-12T12:59:43 GMT-08:00">
  <testcase classname="com.sgtesting.Testcases.CustomerModify" name="launchBrowser" time="4.114"/>
  <testcase classname="com.sgtesting.Testcases.CustomerModify" name="navigate" time="12.242"/>
  <testcase classname="com.sgtesting.Testcases.CustomerModify" name="login" time="5.346"/>
  <testcase classname="com.sgtesting.Testcases.CustomerModify" name="minimizeFlyOutwindow" time="4.142"/>
  <testcase classname="com.sgtesting.Testcases.CustomerModify" name="createCustomer" time="6.395"/>
  <testcase classname="com.sgtesting.Testcases.CustomerModify" name="modifyCustomer" time="2.457"/>
  <testcase classname="com.sgtesting.Testcases.CustomerModify" name="deleteCustomer" time="6.393"/>
  <testcase classname="com.sgtesting.Testcases.CustomerModify" name="logout" time="2.505"/>
  <testcase classname="com.sgtesting.Testcases.CustomerModify" name="closeApp" time="0.558"/>
</testsuite> <!-- ActiTime5 -->
