<?xml version="1.0" encoding="UTF-8"?>
<!-- Generated by org.testng.reporters.JUnitXMLReporter -->
<testsuite ignored="0" hostname="DESKTOP-2G1ARNP" failures="0" tests="11" name="ActiTime7" time="56.474" errors="0" timestamp="2022-11-12T13:01:03 GMT-08:00">
  <testcase classname="com.sgtesting.Testcases.ModifyProject" name="launchBrowser" time="2.405"/>
  <testcase classname="com.sgtesting.Testcases.ModifyProject" name="navigate" time="9.834"/>
  <testcase classname="com.sgtesting.Testcases.ModifyProject" name="login" time="5.413"/>
  <testcase classname="com.sgtesting.Testcases.ModifyProject" name="minimizeFlyOutwindow" time="4.126"/>
  <testcase classname="com.sgtesting.Testcases.ModifyProject" name="createCustomer" time="6.382"/>
  <testcase classname="com.sgtesting.Testcases.ModifyProject" name="createProject" time="10.423"/>
  <testcase classname="com.sgtesting.Testcases.ModifyProject" name="ModifyProject1" time="6.391"/>
  <testcase classname="com.sgtesting.Testcases.ModifyProject" name="deleteProject" time="8.464"/>
  <testcase classname="com.sgtesting.Testcases.ModifyProject" name="deleteCustomer" time="0.025"/>
  <testcase classname="com.sgtesting.Testcases.ModifyProject" name="logout" time="2.5"/>
  <testcase classname="com.sgtesting.Testcases.ModifyProject" name="closeApp" time="0.479"/>
</testsuite> <!-- ActiTime7 -->
