<?xml version="1.0" encoding="UTF-8"?>
<!-- Generated by org.testng.reporters.JUnitXMLReporter -->
<testsuite ignored="0" hostname="DESKTOP-2G1ARNP" failures="0" tests="8" name="ActiTime4" time="65.394" errors="0" timestamp="2022-11-12T12:58:58 GMT-08:00">
  <testcase classname="com.sgtesting.Testcases.CreateUserScenarioDemo" name="launchBrowser" time="14.189"/>
  <testcase classname="com.sgtesting.Testcases.CreateUserScenarioDemo" name="navigate" time="10.356"/>
  <testcase classname="com.sgtesting.Testcases.CreateUserScenarioDemo" name="login" time="5.393"/>
  <testcase classname="com.sgtesting.Testcases.CreateUserScenarioDemo" name="minimizeFlyOutwindow" time="2.162"/>
  <testcase classname="com.sgtesting.Testcases.CreateUserScenarioDemo" name="createUser" time="19.891"/>
  <testcase classname="com.sgtesting.Testcases.CreateUserScenarioDemo" name="deleteUser" time="8.996"/>
  <testcase classname="com.sgtesting.Testcases.CreateUserScenarioDemo" name="logout" time="2.879"/>
  <testcase classname="com.sgtesting.Testcases.CreateUserScenarioDemo" name="closeApp" time="1.5"/>
</testsuite> <!-- ActiTime4 -->
