<?xml version="1.0" encoding="UTF-8"?>
<!-- Generated by org.testng.reporters.JUnitXMLReporter -->
<testsuite ignored="0" hostname="DESKTOP-2G1ARNP" failures="0" tests="6" name="ActiTime6" time="23.86" errors="0" timestamp="2022-11-12T13:00:06 GMT-08:00">
  <testcase classname="com.sgtesting.Testcases.LoginLogoutDemo" name="launchBrowser" time="3.152"/>
  <testcase classname="com.sgtesting.Testcases.LoginLogoutDemo" name="navigate" time="10.016"/>
  <testcase classname="com.sgtesting.Testcases.LoginLogoutDemo" name="login" time="5.372"/>
  <testcase classname="com.sgtesting.Testcases.LoginLogoutDemo" name="minimizeFlyOutwindow" time="2.213"/>
  <testcase classname="com.sgtesting.Testcases.LoginLogoutDemo" name="logout" time="2.617"/>
  <testcase classname="com.sgtesting.Testcases.LoginLogoutDemo" name="closeApp" time="0.466"/>
</testsuite> <!-- ActiTime6 -->
