<?xml version="1.0" encoding="UTF-8"?>
<!-- Generated by org.testng.reporters.JUnitXMLReporter -->
<testsuite ignored="0" hostname="DESKTOP-2G1ARNP" failures="0" tests="8" name="ActiTime1" time="75.571" errors="0" timestamp="2022-11-12T12:55:27 GMT-08:00">
  <testcase classname="com.sgtesting.Testcases.CreateCustomer" name="launchBrowser" time="18.071"/>
  <testcase classname="com.sgtesting.Testcases.CreateCustomer" name="navigate" time="23.033"/>
  <testcase classname="com.sgtesting.Testcases.CreateCustomer" name="login" time="6.967"/>
  <testcase classname="com.sgtesting.Testcases.CreateCustomer" name="minimizeFlyOutwindow" time="4.159"/>
  <testcase classname="com.sgtesting.Testcases.CreateCustomer" name="createCustomer" time="10.849"/>
  <testcase classname="com.sgtesting.Testcases.CreateCustomer" name="deleteCustomer" time="7.644"/>
  <testcase classname="com.sgtesting.Testcases.CreateCustomer" name="logout" time="2.68"/>
  <testcase classname="com.sgtesting.Testcases.CreateCustomer" name="closeApp" time="2.006"/>
</testsuite> <!-- ActiTime1 -->
