<?xml version="1.0" encoding="UTF-8"?>
<!-- Generated by org.testng.reporters.JUnitXMLReporter -->
<testsuite ignored="0" hostname="DESKTOP-2G1ARNP" failures="0" tests="6" name="Users" time="40.678" errors="0" timestamp="2022-11-11T11:42:22 GMT-08:00">
  <testcase classname="com.sgtesting.Testcases.LoginLogoutDemo" name="launchBrowser" time="12.041"/>
  <testcase classname="com.sgtesting.Testcases.LoginLogoutDemo" name="navigate" time="13.835"/>
  <testcase classname="com.sgtesting.Testcases.LoginLogoutDemo" name="login" time="9.019"/>
  <testcase classname="com.sgtesting.Testcases.LoginLogoutDemo" name="minimizeFlyOutwindow" time="2.217"/>
  <testcase classname="com.sgtesting.Testcases.LoginLogoutDemo" name="logout" time="2.759"/>
  <testcase classname="com.sgtesting.Testcases.LoginLogoutDemo" name="closeApp" time="0.7"/>
</testsuite> <!-- Users -->
